◇ injected env (9) from .env // tip: ◈ secrets for agents [www.dotenvx.com]
[15:13:50] 🔐 Admin token (save to .env): ADMIN_TOKEN=74f400b4c9872a29c991c4dcf633c555
[15:13:50] ══════════════════════════════════════
[15:13:50] 🚀 EWS Mission Control v3 — port 3000
[15:13:50] 🖥️  http://localhost:3000
[15:13:50] 📱 http://169.254.207.250:3000
[15:13:50] 🔧 http://localhost:3000/diag.html
[15:13:50] 🤖 AI:  ✅ מחובר
[15:13:50] ✈️  TG:  ✅ מחובר
[15:13:50] ══════════════════════════════════════
[15:13:50] ⚠️  Telegram User API שגיאה: StringSession is not a constructor
[15:13:50] 💡 התקן: cd ~/Desktop/ews && npm install telegram
[15:13:50] LICENSE: EWS-YOSSIKAT-PERPETUAL-2025 [PERPETUAL] VALID
[15:13:50]   Owner: Yossi WarZone Control | Features: 10
[15:13:50] 
📱 בדיקת בוטים:
[15:13:50]   ✅ 🔴 יוסי חמל אדום 🔴 → @yossi_red_bot
[15:13:50]   ✅ 💰 יוסי חמל כלכלה 💰 → @YOSSI_GOLD_BOT
[15:13:50]   ✅ 🔵 בוט כחול 🔵 → @yossi_blue_bot
[15:13:50] 
[15:13:50]   📋 להוסיף בוטים לקנאלים:
[15:13:50]   → פתח @kavhamilhama → Admins → הוסף @yossi_red_bot
[15:13:50]   → פתח @kavhamilhama → Admins → הוסף @YOSSI_GOLD_BOT
[15:13:50]   → פתח @kavhamilhama → Admins → הוסף @yossi_blue_bot
[15:13:50]   (הבוט יקבל הודעות רק מקנאלים שהוסף אליהם)
[15:13:50] 
[15:13:51] RSS: +89 ידיעות
[15:13:51] ✈️  Telegram @yossi_red_bot פעיל
[15:13:51] ✅ כל המנגנונים פעילים
[15:13:56] ⚠️  חמל poll: getaddrinfo ENOTFOUND www.hamal.co.il
[15:13:57] ⚠️  AI: Unexpected end of JSON input
[15:14:00] 📡 Channels: 15 resolved, 24 configured
[15:14:00] 📡 הבוט מקבל הודעות מכל קנאל שהוא חבר בו
[15:14:00] 📡 כדי לקבל הודעות: הוסף את הבוט כ-Admin בכל קנאל
[15:14:02] 🚑 איחוד הצלה: United Hatzalah First Responder Describes Heroic Efforts in 
[15:14:02] 🚑 איחוד הצלה: Finding a Place To Begin &#8211; Personal Account from a Fir
[15:14:21] ⚠️  חמל poll: getaddrinfo ENOTFOUND www.hamal.co.il
[15:14:52] ⚠️  חמל poll: getaddrinfo ENOTFOUND www.hamal.co.il
[15:15:23] ⚠️  AI: Unexpected end of JSON input
[15:15:23] ⚠️  חמל poll: getaddrinfo ENOTFOUND www.hamal.co.il
[15:15:52] ⚠️  חמל poll: getaddrinfo ENOTFOUND www.hamal.co.il
[15:16:23] ⚠️  חמל poll: getaddrinfo ENOTFOUND www.hamal.co.il
[15:16:52] ⚠️  AI: Unexpected end of JSON input
[15:16:52] ⚠️  חמל poll: getaddrinfo ENOTFOUND www.hamal.co.il
[15:17:22] ⚠️  חמל poll: getaddrinfo ENOTFOUND www.hamal.co.il
[15:17:52] ⚠️  חמל poll: getaddrinfo ENOTFOUND www.hamal.co.il
[15:18:22] ⚠️  חמל poll: getaddrinfo ENOTFOUND www.hamal.co.il
[15:18:22] ⚠️  AI: Unexpected end of JSON input
[15:18:52] ⚠️  חמל poll: getaddrinfo ENOTFOUND www.hamal.co.il
[15:19:22] ⚠️  חמל poll: getaddrinfo ENOTFOUND www.hamal.co.il
[15:19:52] ⚠️  חמל poll: getaddrinfo ENOTFOUND www.hamal.co.il
[15:19:52] ⚠️  AI: Unexpected end of JSON input
[15:20:22] ⚠️  חמל poll: getaddrinfo ENOTFOUND www.hamal.co.il
[15:20:52] ⚠️  חמל poll: getaddrinfo ENOTFOUND www.hamal.co.il
[15:21:22] ⚠️  AI: Unexpected end of JSON input
[15:21:22] ⚠️  חמל poll: getaddrinfo ENOTFOUND www.hamal.co.il
[15:21:52] ⚠️  חמל poll: getaddrinfo ENOTFOUND www.hamal.co.il
[15:22:22] ⚠️  חמל poll: getaddrinfo ENOTFOUND www.hamal.co.il
[15:22:52] ⚠️  AI: Unexpected end of JSON input
[15:22:53] ⚠️  חמל poll: getaddrinfo ENOTFOUND www.hamal.co.il
[15:23:22] ⚠️  חמל poll: getaddrinfo ENOTFOUND www.hamal.co.il
[15:23:52] ⚠️  חמל poll: getaddrinfo ENOTFOUND www.hamal.co.il
[15:24:22] ⚠️  חמל poll: getaddrinfo ENOTFOUND www.hamal.co.il
[15:24:22] ⚠️  AI: Unexpected end of JSON input
[15:24:52] ⚠️  חמל poll: getaddrinfo ENOTFOUND www.hamal.co.il
[15:25:22] ⚠️  חמל poll: getaddrinfo ENOTFOUND www.hamal.co.il
[15:25:52] ⚠️  AI: Unexpected end of JSON input
[15:25:52] ⚠️  חמל poll: getaddrinfo ENOTFOUND www.hamal.co.il
[15:26:22] ⚠️  חמל poll: getaddrinfo ENOTFOUND www.hamal.co.il
[15:26:52] ⚠️  חמל poll: getaddrinfo ENOTFOUND www.hamal.co.il
[15:27:22] ⚠️  AI: Unexpected end of JSON input
[15:27:22] ⚠️  חמל poll: getaddrinfo ENOTFOUND www.hamal.co.il
[15:27:52] ⚠️  חמל poll: getaddrinfo ENOTFOUND www.hamal.co.il
[15:28:22] ⚠️  חמל poll: getaddrinfo ENOTFOUND www.hamal.co.il
[15:28:52] ⚠️  AI: Unexpected end of JSON input
[15:28:52] ⚠️  חמל poll: getaddrinfo ENOTFOUND www.hamal.co.il
[15:29:22] ⚠️  חמל poll: getaddrinfo ENOTFOUND www.hamal.co.il
[15:29:52] ⚠️  חמל poll: getaddrinfo ENOTFOUND www.hamal.co.il
[15:30:22] ⚠️  AI: Unexpected end of JSON input
[15:30:22] ⚠️  חמל poll: getaddrinfo ENOTFOUND www.hamal.co.il
[15:30:53] ⚠️  חמל poll: getaddrinfo ENOTFOUND www.hamal.co.il
[15:31:22] ⚠️  חמל poll: getaddrinfo ENOTFOUND www.hamal.co.il
[15:31:52] ⚠️  חמל poll: getaddrinfo ENOTFOUND www.hamal.co.il
[15:31:52] ⚠️  AI: Unexpected end of JSON input
[15:32:22] ⚠️  חמל poll: getaddrinfo ENOTFOUND www.hamal.co.il
[15:32:52] ⚠️  חמל poll: getaddrinfo ENOTFOUND www.hamal.co.il
[15:33:22] ⚠️  חמל poll: getaddrinfo ENOTFOUND www.hamal.co.il
[15:33:22] ⚠️  AI: Unexpected end of JSON input
[15:33:52] ⚠️  חמל poll: getaddrinfo ENOTFOUND www.hamal.co.il
[15:34:22] ⚠️  חמל poll: getaddrinfo ENOTFOUND www.hamal.co.il
[15:34:52] ⚠️  חמל poll: getaddrinfo ENOTFOUND www.hamal.co.il
[15:34:52] ⚠️  AI: Unexpected end of JSON input
[15:35:22] ⚠️  חמל poll: getaddrinfo ENOTFOUND www.hamal.co.il
[15:35:52] ⚠️  חמל poll: getaddrinfo ENOTFOUND www.hamal.co.il
[15:36:22] ⚠️  חמל poll: getaddrinfo ENOTFOUND www.hamal.co.il
[15:36:23] ⚠️  AI: Unexpected end of JSON input
[15:36:52] ⚠️  חמל poll: getaddrinfo ENOTFOUND www.hamal.co.il
[15:37:22] ⚠️  חמל poll: getaddrinfo ENOTFOUND www.hamal.co.il
[15:37:52] ⚠️  חמל poll: getaddrinfo ENOTFOUND www.hamal.co.il
[15:37:52] ⚠️  AI: Unexpected end of JSON input
[15:38:22] ⚠️  חמל poll: getaddrinfo ENOTFOUND www.hamal.co.il
[15:38:52] ⚠️  חמל poll: getaddrinfo ENOTFOUND www.hamal.co.il
[15:39:22] ⚠️  חמל poll: getaddrinfo ENOTFOUND www.hamal.co.il
[15:39:22] ⚠️  AI: Unexpected end of JSON input
[15:39:52] ⚠️  חמל poll: getaddrinfo ENOTFOUND www.hamal.co.il
[15:40:22] ⚠️  חמל poll: getaddrinfo ENOTFOUND www.hamal.co.il
[15:40:52] ⚠️  חמל poll: getaddrinfo ENOTFOUND www.hamal.co.il
[15:40:52] ⚠️  AI: Unexpected end of JSON input
[15:41:22] ⚠️  חמל poll: getaddrinfo ENOTFOUND www.hamal.co.il
[15:41:52] ⚠️  חמל poll: getaddrinfo ENOTFOUND www.hamal.co.il
[15:42:22] ⚠️  חמל poll: getaddrinfo ENOTFOUND www.hamal.co.il
[15:42:22] ⚠️  AI: Unexpected end of JSON input
[15:42:52] ⚠️  חמל poll: getaddrinfo ENOTFOUND www.hamal.co.il
[15:43:22] ⚠️  חמל poll: getaddrinfo ENOTFOUND www.hamal.co.il
[15:43:52] ⚠️  חמל poll: getaddrinfo ENOTFOUND www.hamal.co.il
[15:43:52] ⚠️  AI: Unexpected end of JSON input
[15:44:22] ⚠️  חמל poll: getaddrinfo ENOTFOUND www.hamal.co.il
[15:44:52] ⚠️  חמל poll: getaddrinfo ENOTFOUND www.hamal.co.il
[15:45:22] ⚠️  AI: Unexpected end of JSON input
[15:45:22] ⚠️  חמל poll: getaddrinfo ENOTFOUND www.hamal.co.il
[15:45:52] ⚠️  חמל poll: getaddrinfo ENOTFOUND www.hamal.co.il
[15:46:22] ⚠️  חמל poll: getaddrinfo ENOTFOUND www.hamal.co.il
[15:46:52] ⚠️  חמל poll: getaddrinfo ENOTFOUND www.hamal.co.il
[15:46:52] ⚠️  AI: Unexpected end of JSON input
[15:47:22] ⚠️  חמל poll: getaddrinfo ENOTFOUND www.hamal.co.il
[15:47:52] ⚠️  חמל poll: getaddrinfo ENOTFOUND www.hamal.co.il
[15:48:22] ⚠️  חמל poll: getaddrinfo ENOTFOUND www.hamal.co.il
[15:48:22] ⚠️  AI: Unexpected end of JSON input
[15:48:52] ⚠️  חמל poll: getaddrinfo ENOTFOUND www.hamal.co.il
[15:49:22] ⚠️  חמל poll: getaddrinfo ENOTFOUND www.hamal.co.il
[15:49:52] ⚠️  חמל poll: getaddrinfo ENOTFOUND www.hamal.co.il
[15:49:52] ⚠️  AI: Unexpected end of JSON input
[15:50:22] ⚠️  חמל poll: getaddrinfo ENOTFOUND www.hamal.co.il
[15:50:52] ⚠️  חמל poll: getaddrinfo ENOTFOUND www.hamal.co.il
[15:51:22] ⚠️  חמל poll: getaddrinfo ENOTFOUND www.hamal.co.il
[15:51:22] ⚠️  AI: Unexpected end of JSON input
[15:51:52] ⚠️  חמל poll: getaddrinfo ENOTFOUND www.hamal.co.il
[15:52:22] ⚠️  חמל poll: getaddrinfo ENOTFOUND www.hamal.co.il
[15:52:52] ⚠️  חמל poll: getaddrinfo ENOTFOUND www.hamal.co.il
[15:52:52] ⚠️  AI: Unexpected end of JSON input
[15:53:22] ⚠️  חמל poll: getaddrinfo ENOTFOUND www.hamal.co.il
[15:53:52] ⚠️  חמל poll: getaddrinfo ENOTFOUND www.hamal.co.il
[15:54:22] ⚠️  חמל poll: getaddrinfo ENOTFOUND www.hamal.co.il
[15:54:22] ⚠️  AI: Unexpected end of JSON input
[15:54:52] ⚠️  חמל poll: getaddrinfo ENOTFOUND www.hamal.co.il
[15:55:22] ⚠️  חמל poll: getaddrinfo ENOTFOUND www.hamal.co.il
[15:55:52] ⚠️  חמל poll: getaddrinfo ENOTFOUND www.hamal.co.il
[15:55:52] ⚠️  AI: Unexpected end of JSON input
[15:56:22] ⚠️  חמל poll: getaddrinfo ENOTFOUND www.hamal.co.il
[15:56:52] ⚠️  חמל poll: getaddrinfo ENOTFOUND www.hamal.co.il
[15:57:22] ⚠️  AI: Unexpected end of JSON input
[15:57:22] ⚠️  חמל poll: getaddrinfo ENOTFOUND www.hamal.co.il
[15:57:52] ⚠️  חמל poll: getaddrinfo ENOTFOUND www.hamal.co.il
[15:58:22] ⚠️  חמל poll: getaddrinfo ENOTFOUND www.hamal.co.il
[15:58:52] ⚠️  חמל poll: getaddrinfo ENOTFOUND www.hamal.co.il
[15:58:52] ⚠️  AI: Unexpected end of JSON input
[15:59:22] ⚠️  חמל poll: getaddrinfo ENOTFOUND www.hamal.co.il
[15:59:52] ⚠️  חמל poll: getaddrinfo ENOTFOUND www.hamal.co.il
[16:00:22] ⚠️  AI: Unexpected end of JSON input
[16:00:22] ⚠️  חמל poll: getaddrinfo ENOTFOUND www.hamal.co.il
[16:00:52] ⚠️  חמל poll: getaddrinfo ENOTFOUND www.hamal.co.il
[16:01:22] ⚠️  חמל poll: getaddrinfo ENOTFOUND www.hamal.co.il
[16:01:52] ⚠️  חמל poll: getaddrinfo ENOTFOUND www.hamal.co.il
[16:01:52] ⚠️  AI: Unexpected end of JSON input
[16:01:52] RSS: +1 ידיעות
[16:02:22] ⚠️  חמל poll: getaddrinfo ENOTFOUND www.hamal.co.il
[16:02:52] ⚠️  חמל poll: getaddrinfo ENOTFOUND www.hamal.co.il
[16:03:22] ⚠️  חמל poll: getaddrinfo ENOTFOUND www.hamal.co.il
[16:03:22] ⚠️  AI: Unexpected end of JSON input
[16:03:53] ⚠️  חמל poll: getaddrinfo ENOTFOUND www.hamal.co.il
[16:04:22] ⚠️  חמל poll: getaddrinfo ENOTFOUND www.hamal.co.il
[16:04:52] ⚠️  חמל poll: getaddrinfo ENOTFOUND www.hamal.co.il
[16:04:52] ⚠️  AI: Unexpected end of JSON input
[16:05:22] ⚠️  חמל poll: getaddrinfo ENOTFOUND www.hamal.co.il
[16:05:52] ⚠️  חמל poll: getaddrinfo ENOTFOUND www.hamal.co.il
[16:05:52] ⚠️  OREF poll error: Unexpected token '﻿', "﻿{
  "id""... is not valid
[16:06:00] ⚠️  OREF poll error: Unexpected token '﻿', "﻿{
  "id""... is not valid
[16:06:08] ⚠️  OREF poll error: Unexpected token '﻿', "﻿{
  "id""... is not valid
[16:06:16] ⚠️  OREF poll error: Unexpected token '﻿', "﻿{
  "id""... is not valid
[16:06:22] ⚠️  חמל poll: getaddrinfo ENOTFOUND www.hamal.co.il
[16:06:22] ⚠️  AI: Unexpected end of JSON input
[16:06:24] ⚠️  OREF poll error: Unexpected token '﻿', "﻿{
  "id""... is not valid
[16:06:32] ⚠️  OREF poll error: Unexpected token '﻿', "﻿{
  "id""... is not valid
[16:06:52] ⚠️  חמל poll: getaddrinfo ENOTFOUND www.hamal.co.il
[16:07:22] ⚠️  חמל poll: getaddrinfo ENOTFOUND www.hamal.co.il
[16:07:52] ⚠️  חמל poll: getaddrinfo ENOTFOUND www.hamal.co.il
[16:07:52] ⚠️  AI: Unexpected end of JSON input
[16:08:22] ⚠️  חמל poll: getaddrinfo ENOTFOUND www.hamal.co.il
[16:08:52] ⚠️  חמל poll: getaddrinfo ENOTFOUND www.hamal.co.il
[16:09:22] ⚠️  חמל poll: getaddrinfo ENOTFOUND www.hamal.co.il
[16:09:22] ⚠️  AI: Unexpected end of JSON input
[16:09:52] ⚠️  חמל poll: getaddrinfo ENOTFOUND www.hamal.co.il
[16:10:22] ⚠️  חמל poll: getaddrinfo ENOTFOUND www.hamal.co.il
[16:10:53] ⚠️  חמל poll: getaddrinfo ENOTFOUND www.hamal.co.il
[16:10:53] ⚠️  AI: Unexpected end of JSON input
[16:11:22] ⚠️  חמל poll: getaddrinfo ENOTFOUND www.hamal.co.il
[16:11:52] ⚠️  חמל poll: getaddrinfo ENOTFOUND www.hamal.co.il
[16:12:22] ⚠️  חמל poll: getaddrinfo ENOTFOUND www.hamal.co.il
[16:12:22] ⚠️  AI: Unexpected end of JSON input
[16:12:52] ⚠️  חמל poll: getaddrinfo ENOTFOUND www.hamal.co.il
[16:13:22] ⚠️  חמל poll: getaddrinfo ENOTFOUND www.hamal.co.il
[16:13:52] ⚠️  חמל poll: getaddrinfo ENOTFOUND www.hamal.co.il
[16:13:52] ⚠️  AI: Unexpected end of JSON input
[16:13:58] 📡 Channels: 0 resolved, 24 configured
[16:13:58] 📡 הבוט מקבל הודעות מכל קנאל שהוא חבר בו
[16:13:58] 📡 כדי לקבל הודעות: הוסף את הבוט כ-Admin בכל קנאל
[16:14:22] ⚠️  חמל poll: getaddrinfo ENOTFOUND www.hamal.co.il
[16:14:52] ⚠️  חמל poll: getaddrinfo ENOTFOUND www.hamal.co.il
[16:15:22] ⚠️  חמל poll: getaddrinfo ENOTFOUND www.hamal.co.il
[16:15:22] ⚠️  AI: Unexpected end of JSON input
[16:15:52] ⚠️  חמל poll: getaddrinfo ENOTFOUND www.hamal.co.il
[16:16:08] ⚠️  OREF poll error: Unexpected token '﻿', "﻿{
  "id""... is not valid
[16:16:16] ⚠️  OREF poll error: Unexpected token '﻿', "﻿{
  "id""... is not valid
[16:16:22] ⚠️  חמל poll: getaddrinfo ENOTFOUND www.hamal.co.il
[16:16:24] ⚠️  OREF poll error: Unexpected token '﻿', "﻿{
  "id""... is not valid
[16:16:32] ⚠️  OREF poll error: Unexpected token '﻿', "﻿{
  "id""... is not valid
[16:16:40] ⚠️  OREF poll error: Unexpected token '﻿', "﻿{
  "id""... is not valid
[16:16:48] ⚠️  OREF poll error: Unexpected token '﻿', "﻿{
  "id""... is not valid
[16:16:52] ⚠️  חמל poll: getaddrinfo ENOTFOUND www.hamal.co.il
[16:16:52] RSS: +1 ידיעות
[16:16:52] ⚠️  AI: Unexpected end of JSON input
[16:16:57] ⚠️  OREF poll error: Unexpected token '﻿', "﻿{
  "id""... is not valid
[16:17:04] ⚠️  OREF poll error: Unexpected token '﻿', "﻿{
  "id""... is not valid
[16:17:12] ⚠️  OREF poll error: Unexpected token '﻿', "﻿{
  "id""... is not valid
[16:17:20] ⚠️  OREF poll error: Unexpected token '﻿', "﻿{
  "id""... is not valid
[16:17:22] ⚠️  חמל poll: getaddrinfo ENOTFOUND www.hamal.co.il
[16:17:52] ⚠️  חמל poll: getaddrinfo ENOTFOUND www.hamal.co.il
[16:18:22] ⚠️  חמל poll: getaddrinfo ENOTFOUND www.hamal.co.il
[16:18:22] ⚠️  AI: Unexpected end of JSON input
[16:18:52] ⚠️  חמל poll: getaddrinfo ENOTFOUND www.hamal.co.il
[16:19:22] ⚠️  חמל poll: getaddrinfo ENOTFOUND www.hamal.co.il
[16:19:52] ⚠️  חמל poll: getaddrinfo ENOTFOUND www.hamal.co.il
[16:19:52] ⚠️  AI: Unexpected end of JSON input
[16:19:52] RSS: +1 ידיעות
[16:20:22] ⚠️  חמל poll: getaddrinfo ENOTFOUND www.hamal.co.il
[16:20:52] ⚠️  חמל poll: getaddrinfo ENOTFOUND www.hamal.co.il
[16:21:22] ⚠️  חמל poll: getaddrinfo ENOTFOUND www.hamal.co.il
[16:21:22] ⚠️  AI: Unexpected end of JSON input
[16:21:52] ⚠️  חמל poll: getaddrinfo ENOTFOUND www.hamal.co.il
[16:22:22] ⚠️  חמל poll: getaddrinfo ENOTFOUND www.hamal.co.il
[16:22:52] ⚠️  AI: Unexpected end of JSON input
[16:22:52] ⚠️  חמל poll: getaddrinfo ENOTFOUND www.hamal.co.il
[16:23:22] ⚠️  חמל poll: getaddrinfo ENOTFOUND www.hamal.co.il
[16:23:52] ⚠️  חמל poll: getaddrinfo ENOTFOUND www.hamal.co.il
[16:23:52] RSS: +1 ידיעות
[16:24:22] ⚠️  חמל poll: getaddrinfo ENOTFOUND www.hamal.co.il
[16:24:22] ⚠️  AI: Unexpected end of JSON input
[16:24:52] ⚠️  חמל poll: getaddrinfo ENOTFOUND www.hamal.co.il
[16:25:22] ⚠️  חמל poll: getaddrinfo ENOTFOUND www.hamal.co.il
[16:25:52] ⚠️  חמל poll: getaddrinfo ENOTFOUND www.hamal.co.il
[16:25:52] ⚠️  AI: Unexpected end of JSON input
[16:26:22] ⚠️  חמל poll: getaddrinfo ENOTFOUND www.hamal.co.il
[16:26:52] ⚠️  חמל poll: getaddrinfo ENOTFOUND www.hamal.co.il
[16:27:22] ⚠️  חמל poll: getaddrinfo ENOTFOUND www.hamal.co.il
[16:27:22] ⚠️  AI: Unexpected end of JSON input
[16:27:52] ⚠️  חמל poll: getaddrinfo ENOTFOUND www.hamal.co.il
[16:28:22] ⚠️  חמל poll: getaddrinfo ENOTFOUND www.hamal.co.il
[16:28:52] ⚠️  חמל poll: getaddrinfo ENOTFOUND www.hamal.co.il
[16:28:52] ⚠️  AI: Unexpected end of JSON input
[16:29:22] ⚠️  חמל poll: getaddrinfo ENOTFOUND www.hamal.co.il
[16:29:52] ⚠️  חמל poll: getaddrinfo ENOTFOUND www.hamal.co.il
[16:30:22] ⚠️  AI: Unexpected end of JSON input
[16:30:22] ⚠️  חמל poll: getaddrinfo ENOTFOUND www.hamal.co.il
[16:30:52] ⚠️  חמל poll: getaddrinfo ENOTFOUND www.hamal.co.il
[16:30:52] RSS: +1 ידיעות
[16:31:22] ⚠️  חמל poll: getaddrinfo ENOTFOUND www.hamal.co.il
[16:31:53] ⚠️  AI: Unexpected end of JSON input
[16:31:55] ⚠️  חמל poll: getaddrinfo ENOTFOUND www.hamal.co.il
[16:32:22] ⚠️  חמל poll: getaddrinfo ENOTFOUND www.hamal.co.il
[16:32:52] ⚠️  חמל poll: getaddrinfo ENOTFOUND www.hamal.co.il
[16:33:22] ⚠️  חמל poll: getaddrinfo ENOTFOUND www.hamal.co.il
[16:33:22] ⚠️  AI: Unexpected end of JSON input
[16:33:52] ⚠️  חמל poll: getaddrinfo ENOTFOUND www.hamal.co.il
[16:34:22] ⚠️  חמל poll: getaddrinfo ENOTFOUND www.hamal.co.il
[16:34:52] ⚠️  חמל poll: getaddrinfo ENOTFOUND www.hamal.co.il
[16:34:52] ⚠️  AI: Unexpected end of JSON input
[16:35:22] ⚠️  חמל poll: getaddrinfo ENOTFOUND www.hamal.co.il
[16:35:52] ⚠️  חמל poll: getaddrinfo ENOTFOUND www.hamal.co.il
[16:36:22] ⚠️  AI: Unexpected end of JSON input
[16:36:22] ⚠️  חמל poll: getaddrinfo ENOTFOUND www.hamal.co.il
[16:36:52] ⚠️  חמל poll: getaddrinfo ENOTFOUND www.hamal.co.il
[16:37:22] ⚠️  חמל poll: getaddrinfo ENOTFOUND www.hamal.co.il
[16:37:52] ⚠️  חמל poll: getaddrinfo ENOTFOUND www.hamal.co.il
[16:37:52] ⚠️  AI: Unexpected end of JSON input
[16:38:23] ⚠️  חמל poll: getaddrinfo ENOTFOUND www.hamal.co.il
[16:38:52] ⚠️  חמל poll: getaddrinfo ENOTFOUND www.hamal.co.il
[16:39:22] ⚠️  חמל poll: getaddrinfo ENOTFOUND www.hamal.co.il
[16:39:22] ⚠️  AI: Unexpected end of JSON input
[16:39:52] ⚠️  חמל poll: getaddrinfo ENOTFOUND www.hamal.co.il
[16:40:22] ⚠️  חמל poll: getaddrinfo ENOTFOUND www.hamal.co.il
[16:40:52] ⚠️  חמל poll: getaddrinfo ENOTFOUND www.hamal.co.il
[16:40:52] ⚠️  AI: Unexpected end of JSON input
[16:41:22] ⚠️  חמל poll: getaddrinfo ENOTFOUND www.hamal.co.il
[16:41:52] ⚠️  חמל poll: getaddrinfo ENOTFOUND www.hamal.co.il
[16:42:22] ⚠️  חמל poll: getaddrinfo ENOTFOUND www.hamal.co.il
[16:42:22] ⚠️  AI: Unexpected end of JSON input
[16:42:52] ⚠️  חמל poll: getaddrinfo ENOTFOUND www.hamal.co.il
[16:43:22] ⚠️  חמל poll: getaddrinfo ENOTFOUND www.hamal.co.il
[16:43:52] ⚠️  חמל poll: getaddrinfo ENOTFOUND www.hamal.co.il
[16:43:52] ⚠️  AI: Unexpected end of JSON input
[16:44:22] ⚠️  חמל poll: getaddrinfo ENOTFOUND www.hamal.co.il
[16:44:52] ⚠️  חמל poll: getaddrinfo ENOTFOUND www.hamal.co.il
[16:45:22] ⚠️  AI: Unexpected end of JSON input
[16:45:22] ⚠️  חמל poll: getaddrinfo ENOTFOUND www.hamal.co.il
[16:45:52] ⚠️  חמל poll: getaddrinfo ENOTFOUND www.hamal.co.il
[16:46:22] ⚠️  חמל poll: getaddrinfo ENOTFOUND www.hamal.co.il
[16:46:52] ⚠️  AI: Unexpected end of JSON input
[16:46:52] ⚠️  חמל poll: getaddrinfo ENOTFOUND www.hamal.co.il
[16:47:22] ⚠️  חמל poll: getaddrinfo ENOTFOUND www.hamal.co.il
[16:47:52] ⚠️  חמל poll: getaddrinfo ENOTFOUND www.hamal.co.il
[16:48:22] ⚠️  חמל poll: getaddrinfo ENOTFOUND www.hamal.co.il
[16:48:22] ⚠️  AI: Unexpected end of JSON input
[16:48:52] ⚠️  חמל poll: getaddrinfo ENOTFOUND www.hamal.co.il
[16:49:22] ⚠️  חמל poll: getaddrinfo ENOTFOUND www.hamal.co.il
[16:49:52] ⚠️  AI: Unexpected end of JSON input
[16:49:52] ⚠️  חמל poll: getaddrinfo ENOTFOUND www.hamal.co.il
[16:50:22] ⚠️  חמל poll: getaddrinfo ENOTFOUND www.hamal.co.il
[16:50:52] ⚠️  חמל poll: getaddrinfo ENOTFOUND www.hamal.co.il
[16:51:22] ⚠️  AI: Unexpected end of JSON input
[16:51:22] ⚠️  חמל poll: getaddrinfo ENOTFOUND www.hamal.co.il
[16:51:53] ⚠️  חמל poll: getaddrinfo ENOTFOUND www.hamal.co.il
[16:52:22] ⚠️  חמל poll: getaddrinfo ENOTFOUND www.hamal.co.il
[16:52:52] ⚠️  חמל poll: getaddrinfo ENOTFOUND www.hamal.co.il
[16:52:52] ⚠️  AI: Unexpected end of JSON input
[16:53:22] ⚠️  חמל poll: getaddrinfo ENOTFOUND www.hamal.co.il
[16:53:52] ⚠️  חמל poll: getaddrinfo ENOTFOUND www.hamal.co.il
[16:54:22] ⚠️  חמל poll: getaddrinfo ENOTFOUND www.hamal.co.il
[16:54:22] ⚠️  AI: Unexpected end of JSON input
[16:54:52] ⚠️  חמל poll: getaddrinfo ENOTFOUND www.hamal.co.il
[16:54:54] Airspace: 7 ac | 0 drones | 0 mil
[16:55:22] ⚠️  חמל poll: getaddrinfo ENOTFOUND www.hamal.co.il
[16:55:23] Airspace: 7 ac | 0 drones | 0 mil
[16:55:52] ⚠️  AI: Unexpected end of JSON input
[16:55:53] ⚠️  חמל poll: getaddrinfo ENOTFOUND www.hamal.co.il
[16:55:53] Airspace: 7 ac | 0 drones | 0 mil
[16:56:23] ⚠️  חמל poll: getaddrinfo ENOTFOUND www.hamal.co.il
[16:56:23] Airspace: 7 ac | 0 drones | 0 mil
[16:56:52] ⚠️  חמל poll: getaddrinfo ENOTFOUND www.hamal.co.il
[16:56:52] Airspace: 7 ac | 0 drones | 0 mil
[16:57:22] ⚠️  חמל poll: getaddrinfo ENOTFOUND www.hamal.co.il
[16:57:22] ⚠️  AI: Unexpected end of JSON input
[16:57:23] Airspace: 6 ac | 0 drones | 0 mil
[16:57:52] ⚠️  חמל poll: getaddrinfo ENOTFOUND www.hamal.co.il
[16:57:53] Airspace: 6 ac | 0 drones | 0 mil
[16:58:22] ⚠️  חמל poll: getaddrinfo ENOTFOUND www.hamal.co.il
[16:58:23] Airspace: 6 ac | 0 drones | 0 mil
[16:58:52] ⚠️  חמל poll: getaddrinfo ENOTFOUND www.hamal.co.il
[16:58:52] ⚠️  AI: Unexpected end of JSON input
[16:58:53] Airspace: 6 ac | 0 drones | 0 mil
[16:59:22] ⚠️  חמל poll: getaddrinfo ENOTFOUND www.hamal.co.il
[16:59:23] Airspace: 6 ac | 0 drones | 0 mil
[16:59:52] ⚠️  חמל poll: getaddrinfo ENOTFOUND www.hamal.co.il
[16:59:53] Airspace: 7 ac | 0 drones | 0 mil
[17:00:22] ⚠️  AI: Unexpected end of JSON input
[17:00:23] ⚠️  חמל poll: getaddrinfo ENOTFOUND www.hamal.co.il
[17:00:23] Airspace: 8 ac | 0 drones | 0 mil
[17:00:52] ⚠️  חמל poll: getaddrinfo ENOTFOUND www.hamal.co.il
[17:00:53] Airspace: 6 ac | 0 drones | 0 mil
[17:01:22] ⚠️  חמל poll: getaddrinfo ENOTFOUND www.hamal.co.il
[17:01:23] Airspace: 6 ac | 0 drones | 0 mil
[17:01:52] ⚠️  חמל poll: getaddrinfo ENOTFOUND www.hamal.co.il
[17:01:52] ⚠️  AI: Unexpected end of JSON input
[17:01:53] Airspace: 6 ac | 0 drones | 0 mil
[17:02:22] ⚠️  חמל poll: getaddrinfo ENOTFOUND www.hamal.co.il
[17:02:23] Airspace: 6 ac | 0 drones | 0 mil
[17:02:52] ⚠️  חמל poll: getaddrinfo ENOTFOUND www.hamal.co.il
[17:02:53] Airspace: 6 ac | 0 drones | 0 mil
[17:03:22] ⚠️  AI: Unexpected end of JSON input
[17:03:22] ⚠️  חמל poll: getaddrinfo ENOTFOUND www.hamal.co.il
[17:03:52] ⚠️  חמל poll: getaddrinfo ENOTFOUND www.hamal.co.il
[17:03:53] Airspace: 7 ac | 0 drones | 0 mil
[17:04:22] ⚠️  חמל poll: getaddrinfo ENOTFOUND www.hamal.co.il
[17:04:23] Airspace: 6 ac | 0 drones | 0 mil
[17:04:52] ⚠️  AI: Unexpected end of JSON input
[17:04:52] ⚠️  חמל poll: getaddrinfo ENOTFOUND www.hamal.co.il
[17:04:53] Airspace: 7 ac | 0 drones | 0 mil
[17:05:22] ⚠️  חמל poll: getaddrinfo ENOTFOUND www.hamal.co.il
[17:05:23] Airspace: 9 ac | 0 drones | 0 mil
[17:05:52] ⚠️  חמל poll: getaddrinfo ENOTFOUND www.hamal.co.il
[17:05:53] Airspace: 9 ac | 0 drones | 0 mil
[17:06:22] ⚠️  AI: Unexpected end of JSON input
[17:06:22] ⚠️  חמל poll: getaddrinfo ENOTFOUND www.hamal.co.il
[17:06:23] Airspace: 9 ac | 0 drones | 0 mil
[17:06:52] ⚠️  חמל poll: getaddrinfo ENOTFOUND www.hamal.co.il
[17:06:53] Airspace: 9 ac | 0 drones | 0 mil
[17:07:22] ⚠️  חמל poll: getaddrinfo ENOTFOUND www.hamal.co.il
[17:07:23] Airspace: 9 ac | 0 drones | 0 mil
[17:07:52] ⚠️  חמל poll: getaddrinfo ENOTFOUND www.hamal.co.il
[17:07:52] ⚠️  AI: Unexpected end of JSON input
[17:07:53] Airspace: 9 ac | 0 drones | 0 mil
[17:08:22] ⚠️  חמל poll: getaddrinfo ENOTFOUND www.hamal.co.il
[17:08:23] Airspace: 9 ac | 0 drones | 0 mil
[17:08:52] ⚠️  חמל poll: getaddrinfo ENOTFOUND www.hamal.co.il
[17:08:53] Airspace: 8 ac | 0 drones | 0 mil
[17:09:22] ⚠️  AI: Unexpected end of JSON input
[17:09:22] ⚠️  חמל poll: getaddrinfo ENOTFOUND www.hamal.co.il
[17:09:23] Airspace: 8 ac | 0 drones | 0 mil
[17:09:52] ⚠️  חמל poll: getaddrinfo ENOTFOUND www.hamal.co.il
[17:09:53] Airspace: 8 ac | 0 drones | 0 mil
[17:09:53] RSS: +1 ידיעות
[17:10:22] ⚠️  חמל poll: getaddrinfo ENOTFOUND www.hamal.co.il
[17:10:23] Airspace: 8 ac | 0 drones | 0 mil
[17:10:52] ⚠️  חמל poll: getaddrinfo ENOTFOUND www.hamal.co.il
[17:10:52] ⚠️  AI: Unexpected end of JSON input
[17:10:53] Airspace: 8 ac | 0 drones | 0 mil
[17:11:22] ⚠️  חמל poll: getaddrinfo ENOTFOUND www.hamal.co.il
[17:11:23] Airspace: 8 ac | 0 drones | 0 mil
[17:11:52] ⚠️  חמל poll: getaddrinfo ENOTFOUND www.hamal.co.il
[17:11:53] Airspace: 7 ac | 0 drones | 0 mil
[17:12:22] ⚠️  חמל poll: getaddrinfo ENOTFOUND www.hamal.co.il
[17:12:22] ⚠️  AI: Unexpected end of JSON input
[17:12:23] Airspace: 6 ac | 0 drones | 0 mil
[17:12:52] ⚠️  חמל poll: getaddrinfo ENOTFOUND www.hamal.co.il
[17:12:53] Airspace: 6 ac | 0 drones | 0 mil
[17:13:22] ⚠️  חמל poll: getaddrinfo ENOTFOUND www.hamal.co.il
[17:13:23] Airspace: 6 ac | 0 drones | 0 mil
[17:13:52] ⚠️  AI: Unexpected end of JSON input
[17:13:52] ⚠️  חמל poll: getaddrinfo ENOTFOUND www.hamal.co.il
[17:13:52] RSS: +2 ידיעות
[17:13:53] Airspace: 5 ac | 0 drones | 0 mil
[17:13:58] 📡 Channels: 0 resolved, 24 configured
[17:13:58] 📡 הבוט מקבל הודעות מכל קנאל שהוא חבר בו
[17:13:58] 📡 כדי לקבל הודעות: הוסף את הבוט כ-Admin בכל קנאל
[17:14:22] ⚠️  חמל poll: getaddrinfo ENOTFOUND www.hamal.co.il
[17:14:23] Airspace: 5 ac | 0 drones | 0 mil
[17:14:53] Airspace: 5 ac | 0 drones | 0 mil
[17:14:53] ⚠️  חמל poll: getaddrinfo ENOTFOUND www.hamal.co.il
[17:15:22] ⚠️  AI: Unexpected end of JSON input
[17:15:22] ⚠️  חמל poll: getaddrinfo ENOTFOUND www.hamal.co.il
[17:15:23] Airspace: 5 ac | 0 drones | 0 mil
[17:15:52] ⚠️  חמל poll: getaddrinfo ENOTFOUND www.hamal.co.il
[17:15:53] Airspace: 4 ac | 0 drones | 0 mil
[17:16:22] ⚠️  חמל poll: getaddrinfo ENOTFOUND www.hamal.co.il
[17:16:23] Airspace: 4 ac | 0 drones | 0 mil
[17:16:52] ⚠️  AI: Unexpected end of JSON input
[17:16:52] ⚠️  חמל poll: getaddrinfo ENOTFOUND www.hamal.co.il
[17:16:53] Airspace: 4 ac | 0 drones | 0 mil
[17:17:22] ⚠️  חמל poll: getaddrinfo ENOTFOUND www.hamal.co.il
[17:17:23] Airspace: 3 ac | 0 drones | 0 mil
[17:17:52] ⚠️  חמל poll: getaddrinfo ENOTFOUND www.hamal.co.il
[17:17:53] Airspace: 3 ac | 0 drones | 0 mil
[17:18:09] ⚠️  OREF poll error: Unexpected token '﻿', "﻿{
  "id""... is not valid
[17:18:17] ⚠️  OREF poll error: Unexpected token '﻿', "﻿{
  "id""... is not valid
[17:18:22] ⚠️  AI: Unexpected end of JSON input
[17:18:22] ⚠️  חמל poll: getaddrinfo ENOTFOUND www.hamal.co.il
[17:18:23] Airspace: 3 ac | 0 drones | 0 mil
[17:18:25] ⚠️  OREF poll error: Unexpected token '﻿', "﻿{
  "id""... is not valid
[17:18:33] ⚠️  OREF poll error: Unexpected token '﻿', "﻿{
  "id""... is not valid
[17:18:41] ⚠️  OREF poll error: Unexpected token '﻿', "﻿{
  "id""... is not valid
[17:18:49] ⚠️  OREF poll error: Unexpected token '﻿', "﻿{
  "id""... is not valid
[17:18:53] ⚠️  חמל poll: getaddrinfo ENOTFOUND www.hamal.co.il
[17:18:57] ⚠️  OREF poll error: Unexpected token '﻿', "﻿{
  "id""... is not valid
[17:19:05] ⚠️  OREF poll error: Unexpected token '﻿', "﻿{
  "id""... is not valid
[17:19:13] ⚠️  OREF poll error: Unexpected token '﻿', "﻿{
  "id""... is not valid
[17:19:21] ⚠️  OREF poll error: Unexpected token '﻿', "﻿{
  "id""... is not valid
[17:19:23] Airspace: 2 ac | 0 drones | 0 mil
[17:19:24] ⚠️  חמל poll: getaddrinfo ENOTFOUND www.hamal.co.il
[17:19:29] ⚠️  OREF poll error: Unexpected token '﻿', "﻿{
  "id""... is not valid
[17:19:37] ⚠️  OREF poll error: Unexpected token '﻿', "﻿{
  "id""... is not valid
[17:19:45] ⚠️  OREF poll error: Unexpected token '﻿', "﻿{
  "id""... is not valid
[17:19:52] ⚠️  חמל poll: getaddrinfo ENOTFOUND www.hamal.co.il
[17:19:52] ⚠️  AI: Unexpected end of JSON input
[17:19:53] Airspace: 2 ac | 0 drones | 0 mil
[17:19:53] ⚠️  OREF poll error: Unexpected token '﻿', "﻿{
  "id""... is not valid
[17:20:01] ⚠️  OREF poll error: Unexpected token '﻿', "﻿{
  "id""... is not valid
[17:20:09] ⚠️  OREF poll error: Unexpected token '﻿', "﻿{
  "id""... is not valid
[17:20:17] ⚠️  OREF poll error: Unexpected token '﻿', "﻿{
  "id""... is not valid
[17:20:22] ⚠️  חמל poll: getaddrinfo ENOTFOUND www.hamal.co.il
[17:20:23] Airspace: 2 ac | 0 drones | 0 mil
[17:20:25] ⚠️  OREF poll error: Unexpected token '﻿', "﻿{
  "id""... is not valid
[17:20:52] ⚠️  חמל poll: getaddrinfo ENOTFOUND www.hamal.co.il
[17:20:53] Airspace: 2 ac | 0 drones | 0 mil
[17:21:22] ⚠️  AI: Unexpected end of JSON input
[17:21:22] ⚠️  חמל poll: getaddrinfo ENOTFOUND www.hamal.co.il
[17:21:23] Airspace: 2 ac | 0 drones | 0 mil
[17:21:52] ⚠️  חמל poll: getaddrinfo ENOTFOUND www.hamal.co.il
[17:21:53] Airspace: 3 ac | 0 drones | 0 mil
[17:22:22] ⚠️  חמל poll: getaddrinfo ENOTFOUND www.hamal.co.il
[17:22:23] Airspace: 2 ac | 0 drones | 0 mil
[17:22:52] ⚠️  חמל poll: getaddrinfo ENOTFOUND www.hamal.co.il
[17:22:52] ⚠️  AI: Unexpected end of JSON input
[17:22:53] Airspace: 2 ac | 0 drones | 0 mil
[17:23:22] ⚠️  חמל poll: getaddrinfo ENOTFOUND www.hamal.co.il
[17:23:23] Airspace: 3 ac | 0 drones | 0 mil
[17:23:52] ⚠️  חמל poll: getaddrinfo ENOTFOUND www.hamal.co.il
[17:23:53] Airspace: 3 ac | 0 drones | 0 mil
[17:24:22] ⚠️  חמל poll: getaddrinfo ENOTFOUND www.hamal.co.il
[17:24:22] ⚠️  AI: Unexpected end of JSON input
[17:24:23] Airspace: 3 ac | 0 drones | 0 mil
[17:24:52] ⚠️  חמל poll: getaddrinfo ENOTFOUND www.hamal.co.il
[17:24:53] Airspace: 3 ac | 0 drones | 0 mil
[17:25:22] ⚠️  חמל poll: getaddrinfo ENOTFOUND www.hamal.co.il
[17:25:23] Airspace: 2 ac | 0 drones | 0 mil
[17:25:52] ⚠️  AI: Unexpected end of JSON input
[17:25:52] ⚠️  חמל poll: getaddrinfo ENOTFOUND www.hamal.co.il
[17:25:53] Airspace: 3 ac | 0 drones | 0 mil
[17:26:22] ⚠️  חמל poll: getaddrinfo ENOTFOUND www.hamal.co.il
[17:26:23] Airspace: 4 ac | 0 drones | 1 mil
[17:26:52] ⚠️  חמל poll: getaddrinfo ENOTFOUND www.hamal.co.il
[17:26:53] Airspace: 4 ac | 0 drones | 1 mil
[17:27:22] ⚠️  חמל poll: getaddrinfo ENOTFOUND www.hamal.co.il
[17:27:22] ⚠️  AI: Unexpected end of JSON input
[17:27:23] Airspace: 4 ac | 0 drones | 1 mil
[17:27:52] ⚠️  חמל poll: getaddrinfo ENOTFOUND www.hamal.co.il
[17:27:53] Airspace: 4 ac | 0 drones | 1 mil
[17:28:22] ⚠️  חמל poll: getaddrinfo ENOTFOUND www.hamal.co.il
[17:28:23] Airspace: 4 ac | 0 drones | 1 mil
[17:28:33] ⚠️  OREF poll error: Unexpected token '﻿', "﻿{
  "id""... is not valid
[17:28:41] ⚠️  OREF poll error: Unexpected token '﻿', "﻿{
  "id""... is not valid
[17:28:49] ⚠️  OREF poll error: Unexpected token '﻿', "﻿{
  "id""... is not valid
[17:28:52] ⚠️  חמל poll: getaddrinfo ENOTFOUND www.hamal.co.il
[17:28:52] ⚠️  AI: Unexpected end of JSON input
[17:28:53] Airspace: 4 ac | 0 drones | 1 mil
[17:28:57] ⚠️  OREF poll error: Unexpected token '﻿', "﻿{
  "id""... is not valid
[17:29:05] ⚠️  OREF poll error: Unexpected token '﻿', "﻿{
  "id""... is not valid
[17:29:13] ⚠️  OREF poll error: Unexpected token '﻿', "﻿{
  "id""... is not valid
[17:29:21] ⚠️  OREF poll error: Unexpected token '﻿', "﻿{
  "id""... is not valid
[17:29:22] ⚠️  חמל poll: getaddrinfo ENOTFOUND www.hamal.co.il
[17:29:23] Airspace: 6 ac | 0 drones | 1 mil
[17:29:29] ⚠️  OREF poll error: Unexpected token '﻿', "﻿{
  "id""... is not valid
[17:29:37] ⚠️  OREF poll error: Unexpected token '﻿', "﻿{
  "id""... is not valid
[17:29:45] ⚠️  OREF poll error: Unexpected token '﻿', "﻿{
  "id""... is not valid
[17:29:52] ⚠️  חמל poll: getaddrinfo ENOTFOUND www.hamal.co.il
[17:29:53] Airspace: 6 ac | 0 drones | 1 mil
[17:30:22] ⚠️  חמל poll: getaddrinfo ENOTFOUND www.hamal.co.il
[17:30:22] ⚠️  AI: Unexpected end of JSON input
[17:30:23] Airspace: 6 ac | 0 drones | 1 mil
[17:30:52] ⚠️  חמל poll: getaddrinfo ENOTFOUND www.hamal.co.il
[17:30:53] Airspace: 6 ac | 0 drones | 1 mil
[17:31:22] ⚠️  חמל poll: getaddrinfo ENOTFOUND www.hamal.co.il
[17:31:23] Airspace: 5 ac | 0 drones | 1 mil
[17:31:52] ⚠️  חמל poll: getaddrinfo ENOTFOUND www.hamal.co.il
[17:31:52] ⚠️  AI: Unexpected end of JSON input
[17:31:53] Airspace: 5 ac | 0 drones | 1 mil
[17:32:22] ⚠️  חמל poll: getaddrinfo ENOTFOUND www.hamal.co.il
[17:32:23] Airspace: 5 ac | 0 drones | 1 mil
[17:32:52] ⚠️  חמל poll: getaddrinfo ENOTFOUND www.hamal.co.il
[17:32:53] Airspace: 5 ac | 0 drones | 1 mil
[17:33:22] ⚠️  חמל poll: getaddrinfo ENOTFOUND www.hamal.co.il
[17:33:23] ⚠️  AI: Unexpected end of JSON input
[17:33:23] DRONE: 4XHLI @122m 72kt [MEDIUM]
[17:33:23] Airspace: 5 ac | 1 drones | 0 mil
[17:33:52] ⚠️  חמל poll: getaddrinfo ENOTFOUND www.hamal.co.il
[17:33:53] Airspace: 5 ac | 1 drones | 0 mil
[17:34:22] ⚠️  חמל poll: getaddrinfo ENOTFOUND www.hamal.co.il
[17:34:23] Airspace: 5 ac | 0 drones | 0 mil
[17:34:52] ⚠️  חמל poll: getaddrinfo ENOTFOUND www.hamal.co.il
[17:34:52] RSS: +1 ידיעות
[17:34:52] ⚠️  AI: Unexpected end of JSON input
[17:35:23] ⚠️  חמל poll: getaddrinfo ENOTFOUND www.hamal.co.il
[17:35:23] Airspace: 5 ac | 0 drones | 0 mil
[17:35:52] ⚠️  חמל poll: getaddrinfo ENOTFOUND www.hamal.co.il
[17:35:53] Airspace: 5 ac | 0 drones | 0 mil
[17:36:22] ⚠️  AI: Unexpected end of JSON input
[17:36:23] ⚠️  חמל poll: getaddrinfo ENOTFOUND www.hamal.co.il
[17:36:23] Airspace: 5 ac | 0 drones | 0 mil
[17:36:52] ⚠️  חמל poll: getaddrinfo ENOTFOUND www.hamal.co.il
[17:36:53] Airspace: 5 ac | 0 drones | 0 mil
[17:37:22] ⚠️  חמל poll: getaddrinfo ENOTFOUND www.hamal.co.il
[17:37:23] Airspace: 5 ac | 0 drones | 0 mil
[17:37:52] ⚠️  AI: Unexpected end of JSON input
[17:37:52] ⚠️  חמל poll: getaddrinfo ENOTFOUND www.hamal.co.il
[17:37:53] Airspace: 5 ac | 0 drones | 0 mil
[17:38:22] ⚠️  חמל poll: getaddrinfo ENOTFOUND www.hamal.co.il
[17:38:23] Airspace: 5 ac | 0 drones | 0 mil
[17:38:52] ⚠️  חמל poll: getaddrinfo ENOTFOUND www.hamal.co.il
[17:38:53] Airspace: 5 ac | 0 drones | 0 mil
[17:39:22] ⚠️  AI: Unexpected end of JSON input
[17:39:22] ⚠️  חמל poll: getaddrinfo ENOTFOUND www.hamal.co.il
[17:39:23] Airspace: 5 ac | 0 drones | 0 mil
[17:39:52] ⚠️  חמל poll: getaddrinfo ENOTFOUND www.hamal.co.il
[17:39:53] Airspace: 8 ac | 0 drones | 0 mil
[17:40:22] ⚠️  חמל poll: getaddrinfo ENOTFOUND www.hamal.co.il
[17:40:23] Airspace: 8 ac | 0 drones | 0 mil
[17:40:52] ⚠️  AI: Unexpected end of JSON input
[17:40:52] ⚠️  חמל poll: getaddrinfo ENOTFOUND www.hamal.co.il
[17:40:53] Airspace: 8 ac | 0 drones | 0 mil
[17:41:22] ⚠️  חמל poll: getaddrinfo ENOTFOUND www.hamal.co.il
[17:41:23] Airspace: 8 ac | 0 drones | 0 mil
[17:41:52] ⚠️  חמל poll: getaddrinfo ENOTFOUND www.hamal.co.il
[17:41:53] Airspace: 8 ac | 0 drones | 0 mil
[17:42:22] ⚠️  AI: Unexpected end of JSON input
[17:42:22] ⚠️  חמל poll: getaddrinfo ENOTFOUND www.hamal.co.il
[17:42:23] Airspace: 8 ac | 0 drones | 0 mil
[17:42:53] ⚠️  חמל poll: getaddrinfo ENOTFOUND www.hamal.co.il
[17:42:53] Airspace: 8 ac | 0 drones | 0 mil
[17:43:22] ⚠️  חמל poll: getaddrinfo ENOTFOUND www.hamal.co.il
[17:43:23] Airspace: 8 ac | 0 drones | 0 mil
[17:43:52] ⚠️  חמל poll: getaddrinfo ENOTFOUND www.hamal.co.il
[17:43:53] Airspace: 8 ac | 0 drones | 0 mil
[17:43:53] ⚠️  AI: Unexpected end of JSON input
[17:44:22] ⚠️  חמל poll: getaddrinfo ENOTFOUND www.hamal.co.il
[17:44:23] Airspace: 8 ac | 0 drones | 0 mil
[17:44:52] ⚠️  חמל poll: getaddrinfo ENOTFOUND www.hamal.co.il
[17:44:53] Airspace: 9 ac | 0 drones | 0 mil
[17:45:22] ⚠️  AI: Unexpected end of JSON input
[17:45:23] ⚠️  חמל poll: getaddrinfo ENOTFOUND www.hamal.co.il
[17:45:23] Airspace: 9 ac | 0 drones | 0 mil
[17:45:52] ⚠️  חמל poll: getaddrinfo ENOTFOUND www.hamal.co.il
[17:46:22] ⚠️  חמל poll: getaddrinfo ENOTFOUND www.hamal.co.il
[17:46:23] Airspace: 9 ac | 0 drones | 0 mil
[17:46:52] ⚠️  AI: Unexpected end of JSON input
[17:46:52] RSS: +1 ידיעות
[17:46:52] ⚠️  חמל poll: getaddrinfo ENOTFOUND www.hamal.co.il
[17:46:53] Airspace: 9 ac | 0 drones | 0 mil
[17:47:22] ⚠️  חמל poll: getaddrinfo ENOTFOUND www.hamal.co.il
[17:47:23] Airspace: 9 ac | 0 drones | 0 mil
[17:47:52] ⚠️  חמל poll: getaddrinfo ENOTFOUND www.hamal.co.il
[17:47:53] Airspace: 9 ac | 0 drones | 0 mil
[17:48:22] ⚠️  AI: Unexpected end of JSON input
[17:48:22] ⚠️  חמל poll: getaddrinfo ENOTFOUND www.hamal.co.il
[17:48:23] Airspace: 9 ac | 0 drones | 0 mil
[17:48:52] ⚠️  חמל poll: getaddrinfo ENOTFOUND www.hamal.co.il
[17:48:53] Airspace: 9 ac | 0 drones | 0 mil
[17:49:22] ⚠️  חמל poll: getaddrinfo ENOTFOUND www.hamal.co.il
[17:49:23] Airspace: 9 ac | 0 drones | 0 mil
[17:49:52] ⚠️  AI: Unexpected end of JSON input
[17:49:52] ⚠️  חמל poll: getaddrinfo ENOTFOUND www.hamal.co.il
[17:49:53] Airspace: 9 ac | 0 drones | 0 mil
[17:50:22] ⚠️  חמל poll: getaddrinfo ENOTFOUND www.hamal.co.il
[17:50:23] Airspace: 8 ac | 0 drones | 0 mil
[17:50:52] ⚠️  חמל poll: getaddrinfo ENOTFOUND www.hamal.co.il
[17:51:22] ⚠️  AI: Unexpected end of JSON input
[17:51:23] ⚠️  חמל poll: getaddrinfo ENOTFOUND www.hamal.co.il
[17:51:23] Airspace: 8 ac | 0 drones | 0 mil
[17:51:52] ⚠️  חמל poll: getaddrinfo ENOTFOUND www.hamal.co.il
[17:51:53] Airspace: 8 ac | 0 drones | 0 mil
[17:52:22] ⚠️  חמל poll: getaddrinfo ENOTFOUND www.hamal.co.il
[17:52:23] Airspace: 8 ac | 0 drones | 0 mil
[17:52:52] ⚠️  AI: Unexpected end of JSON input
[17:52:52] ⚠️  חמל poll: getaddrinfo ENOTFOUND www.hamal.co.il
[17:52:53] Airspace: 6 ac | 0 drones | 0 mil
[17:53:22] ⚠️  חמל poll: getaddrinfo ENOTFOUND www.hamal.co.il
[17:53:23] Airspace: 7 ac | 0 drones | 0 mil
[17:53:52] ⚠️  חמל poll: getaddrinfo ENOTFOUND www.hamal.co.il
[17:53:53] Airspace: 8 ac | 0 drones | 1 mil
[17:54:22] ⚠️  AI: Unexpected end of JSON input
[17:54:22] ⚠️  חמל poll: getaddrinfo ENOTFOUND www.hamal.co.il
[17:54:23] Airspace: 8 ac | 0 drones | 1 mil
[17:54:52] ⚠️  חמל poll: getaddrinfo ENOTFOUND www.hamal.co.il
[17:54:53] Airspace: 8 ac | 0 drones | 1 mil
[17:55:22] ⚠️  חמל poll: getaddrinfo ENOTFOUND www.hamal.co.il
[17:55:24] DRONE: 4XHLE @160m 79kt [MEDIUM]
[17:55:24] Airspace: 8 ac | 1 drones | 1 mil
[17:55:52] ⚠️  AI: Unexpected end of JSON input
[17:55:53] ⚠️  חמל poll: getaddrinfo ENOTFOUND www.hamal.co.il
[17:55:53] Airspace: 8 ac | 1 drones | 1 mil
[17:56:22] ⚠️  חמל poll: getaddrinfo ENOTFOUND www.hamal.co.il
[17:56:23] Airspace: 8 ac | 1 drones | 1 mil
[17:56:52] ⚠️  חמל poll: getaddrinfo ENOTFOUND www.hamal.co.il
[17:56:53] Airspace: 9 ac | 1 drones | 2 mil
[17:57:22] ⚠️  AI: Unexpected end of JSON input
[17:57:23] ⚠️  חמל poll: getaddrinfo ENOTFOUND www.hamal.co.il
[17:57:23] Airspace: 8 ac | 1 drones | 2 mil
[17:57:52] ⚠️  חמל poll: getaddrinfo ENOTFOUND www.hamal.co.il
[17:57:53] Airspace: 9 ac | 1 drones | 2 mil
[17:58:22] ⚠️  חמל poll: getaddrinfo ENOTFOUND www.hamal.co.il
[17:58:23] Airspace: 9 ac | 1 drones | 2 mil
[17:58:56] ⚠️  חמל poll: getaddrinfo ENOTFOUND www.hamal.co.il
[17:58:56] Airspace: 9 ac | 1 drones | 2 mil
[17:58:58] ⚠️  AI: Unexpected end of JSON input
[17:59:22] ⚠️  חמל poll: getaddrinfo ENOTFOUND www.hamal.co.il
[17:59:23] Airspace: 9 ac | 1 drones | 2 mil
[17:59:52] ⚠️  חמל poll: getaddrinfo ENOTFOUND www.hamal.co.il
[17:59:53] Airspace: 9 ac | 1 drones | 3 mil
[18:00:22] ⚠️  AI: Unexpected end of JSON input
[18:00:23] ⚠️  חמל poll: getaddrinfo ENOTFOUND www.hamal.co.il
[18:00:23] Airspace: 8 ac | 1 drones | 3 mil
[18:00:52] ⚠️  חמל poll: getaddrinfo ENOTFOUND www.hamal.co.il
[18:00:53] DRONE: 4XHLE @91m 59kt [HIGH]
[18:00:53] Airspace: 9 ac | 1 drones | 3 mil
[18:01:22] ⚠️  חמל poll: getaddrinfo ENOTFOUND www.hamal.co.il
[18:01:32] Airspace: 10 ac | 1 drones | 3 mil
[18:01:52] ⚠️  AI: Unexpected end of JSON input
[18:01:53] ⚠️  חמל poll: getaddrinfo ENOTFOUND www.hamal.co.il
[18:01:53] Airspace: 11 ac | 1 drones | 3 mil
[18:02:23] ⚠️  חמל poll: getaddrinfo ENOTFOUND www.hamal.co.il
[18:02:23] Airspace: 12 ac | 1 drones | 3 mil
[18:02:56] ⚠️  חמל poll: getaddrinfo ENOTFOUND www.hamal.co.il
[18:02:56] Airspace: 12 ac | 0 drones | 3 mil
[18:03:22] ⚠️  AI: Unexpected end of JSON input
[18:03:23] ⚠️  חמל poll: getaddrinfo ENOTFOUND www.hamal.co.il
[18:03:23] Airspace: 12 ac | 0 drones | 3 mil
[18:03:52] ⚠️  חמל poll: getaddrinfo ENOTFOUND www.hamal.co.il
[18:03:53] Airspace: 12 ac | 0 drones | 3 mil
[18:04:22] ⚠️  חמל poll: getaddrinfo ENOTFOUND www.hamal.co.il
[18:04:23] DRONE: 4XHSF @152m 75kt [MEDIUM]
[18:04:23] Airspace: 11 ac | 1 drones | 2 mil
[18:04:52] ⚠️  AI: Unexpected end of JSON input
[18:04:53] ⚠️  חמל poll: getaddrinfo ENOTFOUND www.hamal.co.il
[18:04:53] Airspace: 11 ac | 1 drones | 2 mil
[18:05:23] Airspace: 11 ac | 1 drones | 2 mil
[18:05:27] ⚠️  חמל poll: getaddrinfo ENOTFOUND www.hamal.co.il
[18:05:52] ⚠️  חמל poll: getaddrinfo ENOTFOUND www.hamal.co.il
[18:05:53] DRONE: 4XHTG @175m 69kt [MEDIUM]
[18:05:53] Airspace: 13 ac | 2 drones | 2 mil
[18:06:22] ⚠️  AI: Unexpected end of JSON input
[18:06:23] ⚠️  חמל poll: getaddrinfo ENOTFOUND www.hamal.co.il
[18:06:23] Airspace: 13 ac | 2 drones | 2 mil
[18:06:53] ⚠️  חמל poll: getaddrinfo ENOTFOUND www.hamal.co.il
[18:06:54] RSS: +1 ידיעות
[18:07:23] ⚠️  חמל poll: getaddrinfo ENOTFOUND www.hamal.co.il
[18:07:23] Airspace: 11 ac | 2 drones | 2 mil
[18:07:52] ⚠️  AI: Unexpected end of JSON input
[18:07:52] ⚠️  חמל poll: getaddrinfo ENOTFOUND www.hamal.co.il
[18:07:53] Airspace: 11 ac | 2 drones | 2 mil
[18:08:22] ⚠️  חמל poll: getaddrinfo ENOTFOUND www.hamal.co.il
[18:08:23] Airspace: 9 ac | 2 drones | 2 mil
[18:08:53] ⚠️  חמל poll: getaddrinfo ENOTFOUND www.hamal.co.il
[18:08:53] Airspace: 10 ac | 2 drones | 2 mil
[18:09:22] ⚠️  AI: Unexpected end of JSON input
[18:09:22] ⚠️  חמל poll: getaddrinfo ENOTFOUND www.hamal.co.il
[18:09:23] Airspace: 11 ac | 2 drones | 3 mil
[18:09:52] ⚠️  חמל poll: getaddrinfo ENOTFOUND www.hamal.co.il
[18:09:53] DRONE: 4XHSF @91m 63kt [HIGH]
[18:09:53] Airspace: 11 ac | 2 drones | 3 mil
[18:10:23] ⚠️  חמל poll: getaddrinfo ENOTFOUND www.hamal.co.il
[18:10:23] Airspace: 12 ac | 2 drones | 3 mil
[18:10:52] ⚠️  AI: Unexpected end of JSON input
[18:10:52] ⚠️  חמל poll: getaddrinfo ENOTFOUND www.hamal.co.il
[18:10:53] DRONE: 4XHTG @168m 74kt [MEDIUM]
[18:10:53] Airspace: 14 ac | 2 drones | 3 mil
[18:11:22] ⚠️  חמל poll: getaddrinfo ENOTFOUND www.hamal.co.il
[18:11:23] Airspace: 13 ac | 2 drones | 3 mil
[18:11:53] ⚠️  חמל poll: getaddrinfo ENOTFOUND www.hamal.co.il
[18:11:53] Airspace: 12 ac | 1 drones | 3 mil
[18:12:22] ⚠️  AI: Unexpected end of JSON input
[18:12:22] ⚠️  חמל poll: getaddrinfo ENOTFOUND www.hamal.co.il
[18:12:23] Airspace: 12 ac | 1 drones | 3 mil
[18:12:52] ⚠️  חמל poll: getaddrinfo ENOTFOUND www.hamal.co.il
[18:12:53] Airspace: 11 ac | 1 drones | 2 mil
[18:13:23] ⚠️  חמל poll: getaddrinfo ENOTFOUND www.hamal.co.il
[18:13:23] Airspace: 10 ac | 1 drones | 2 mil
[18:13:52] ⚠️  AI: Unexpected end of JSON input
[18:13:53] ⚠️  חמל poll: getaddrinfo ENOTFOUND www.hamal.co.il
[18:13:53] Airspace: 11 ac | 1 drones | 2 mil
[18:13:58] 📡 Channels: 0 resolved, 24 configured
[18:13:58] 📡 הבוט מקבל הודעות מכל קנאל שהוא חבר בו
[18:13:58] 📡 כדי לקבל הודעות: הוסף את הבוט כ-Admin בכל קנאל
[18:14:22] ⚠️  חמל poll: getaddrinfo ENOTFOUND www.hamal.co.il
[18:14:23] Airspace: 11 ac | 1 drones | 2 mil
[18:14:52] RSS: +1 ידיעות
[18:14:53] ⚠️  חמל poll: getaddrinfo ENOTFOUND www.hamal.co.il
[18:14:53] Airspace: 10 ac | 1 drones | 2 mil
[18:15:22] ⚠️  AI: Unexpected end of JSON input
[18:15:22] ⚠️  חמל poll: getaddrinfo ENOTFOUND www.hamal.co.il
[18:15:23] Airspace: 9 ac | 1 drones | 2 mil
[18:15:52] ⚠️  חמל poll: getaddrinfo ENOTFOUND www.hamal.co.il
[18:15:53] DRONE: 4XHTG @191m 69kt [MEDIUM]
[18:15:53] Airspace: 9 ac | 1 drones | 2 mil
[18:16:23] ⚠️  חמל poll: getaddrinfo ENOTFOUND www.hamal.co.il
[18:16:23] Airspace: 8 ac | 1 drones | 2 mil
[18:16:52] ⚠️  AI: Unexpected end of JSON input
[18:16:52] ⚠️  חמל poll: getaddrinfo ENOTFOUND www.hamal.co.il
[18:16:53] RSS: +1 ידיעות
[18:16:53] Airspace: 8 ac | 1 drones | 2 mil
[18:17:22] ⚠️  חמל poll: getaddrinfo ENOTFOUND www.hamal.co.il
[18:17:23] DRONE: 4XHLI @160m 69kt [MEDIUM]
[18:17:23] Airspace: 8 ac | 2 drones | 2 mil
[18:17:53] ⚠️  חמל poll: getaddrinfo ENOTFOUND www.hamal.co.il
[18:17:53] Airspace: 6 ac | 1 drones | 1 mil
[18:18:22] ⚠️  AI: Unexpected end of JSON input
[18:18:22] ⚠️  חמל poll: getaddrinfo ENOTFOUND www.hamal.co.il
[18:18:23] Airspace: 6 ac | 1 drones | 1 mil
[18:18:52] ⚠️  חמל poll: getaddrinfo ENOTFOUND www.hamal.co.il
[18:18:53] Airspace: 6 ac | 1 drones | 1 mil
[18:19:23] ⚠️  חמל poll: getaddrinfo ENOTFOUND www.hamal.co.il
[18:19:23] Airspace: 6 ac | 2 drones | 1 mil
[18:19:52] ⚠️  AI: Unexpected end of JSON input
[18:19:52] ⚠️  חמל poll: getaddrinfo ENOTFOUND www.hamal.co.il
[18:19:53] Airspace: 6 ac | 2 drones | 1 mil
[18:20:23] ⚠️  חמל poll: getaddrinfo ENOTFOUND www.hamal.co.il
[18:20:23] Airspace: 5 ac | 2 drones | 1 mil
[18:20:53] ⚠️  חמל poll: getaddrinfo ENOTFOUND www.hamal.co.il
[18:20:53] Airspace: 6 ac | 2 drones | 1 mil
[18:21:22] ⚠️  AI: Unexpected end of JSON input
[18:21:23] ⚠️  חמל poll: getaddrinfo ENOTFOUND www.hamal.co.il
[18:21:23] DRONE: 4XHTG @183m 0kt [MEDIUM]
[18:21:23] Airspace: 6 ac | 2 drones | 1 mil
[18:21:53] ⚠️  חמל poll: getaddrinfo ENOTFOUND www.hamal.co.il
[18:21:53] Airspace: 6 ac | 2 drones | 1 mil
[18:22:23] ⚠️  חמל poll: getaddrinfo ENOTFOUND www.hamal.co.il
[18:22:23] DRONE: 4XHLI @69m 69kt [HIGH]
[18:22:23] Airspace: 6 ac | 2 drones | 1 mil
[18:22:52] ⚠️  AI: Unexpected end of JSON input
[18:22:52] ⚠️  חמל poll: getaddrinfo ENOTFOUND www.hamal.co.il
[18:23:23] ⚠️  חמל poll: getaddrinfo ENOTFOUND www.hamal.co.il
[18:23:23] Airspace: 6 ac | 2 drones | 1 mil
[18:23:53] ⚠️  חמל poll: getaddrinfo ENOTFOUND www.hamal.co.il
[18:23:53] Airspace: 6 ac | 2 drones | 1 mil
[18:24:22] ⚠️  AI: Unexpected end of JSON input
[18:24:22] ⚠️  חמל poll: getaddrinfo ENOTFOUND www.hamal.co.il
[18:24:23] Airspace: 6 ac | 2 drones | 1 mil
[18:24:53] ⚠️  חמל poll: getaddrinfo ENOTFOUND www.hamal.co.il
[18:24:53] Airspace: 6 ac | 2 drones | 1 mil
[18:25:23] ⚠️  חמל poll: getaddrinfo ENOTFOUND www.hamal.co.il
[18:25:23] Airspace: 7 ac | 2 drones | 1 mil
[18:25:52] ⚠️  AI: Unexpected end of JSON input
[18:25:53] ⚠️  חמל poll: getaddrinfo ENOTFOUND www.hamal.co.il
[18:25:53] Airspace: 8 ac | 2 drones | 2 mil
[18:26:23] ⚠️  חמל poll: getaddrinfo ENOTFOUND www.hamal.co.il
[18:26:23] Airspace: 6 ac | 0 drones | 2 mil
[18:26:53] ⚠️  חמל poll: getaddrinfo ENOTFOUND www.hamal.co.il
[18:26:53] Airspace: 6 ac | 0 drones | 2 mil
[18:27:22] ⚠️  AI: Unexpected end of JSON input
[18:27:23] ⚠️  חמל poll: getaddrinfo ENOTFOUND www.hamal.co.il
[18:27:23] Airspace: 6 ac | 0 drones | 2 mil
[18:27:53] ⚠️  חמל poll: getaddrinfo ENOTFOUND www.hamal.co.il
[18:27:53] Airspace: 6 ac | 0 drones | 2 mil
[18:28:23] ⚠️  חמל poll: getaddrinfo ENOTFOUND www.hamal.co.il
[18:28:23] Airspace: 5 ac | 0 drones | 2 mil
[18:28:52] ⚠️  AI: Unexpected end of JSON input
[18:28:53] ⚠️  חמל poll: getaddrinfo ENOTFOUND www.hamal.co.il
[18:28:53] DRONE: 4XHTG @152m 48kt [MEDIUM]
[18:28:53] Airspace: 6 ac | 1 drones | 2 mil
[18:29:23] ⚠️  חמל poll: getaddrinfo ENOTFOUND www.hamal.co.il
[18:29:23] Airspace: 6 ac | 1 drones | 2 mil
[18:29:53] ⚠️  חמל poll: getaddrinfo ENOTFOUND www.hamal.co.il
[18:29:53] Airspace: 6 ac | 1 drones | 2 mil
[18:30:22] ⚠️  AI: Unexpected end of JSON input
[18:30:23] ⚠️  חמל poll: getaddrinfo ENOTFOUND www.hamal.co.il
[18:30:23] Airspace: 6 ac | 1 drones | 2 mil
[18:30:53] ⚠️  חמל poll: getaddrinfo ENOTFOUND www.hamal.co.il
[18:30:53] Airspace: 7 ac | 1 drones | 2 mil
[18:31:23] ⚠️  חמל poll: getaddrinfo ENOTFOUND www.hamal.co.il
[18:31:23] Airspace: 7 ac | 1 drones | 2 mil
[18:31:52] ⚠️  AI: Unexpected end of JSON input
[18:31:53] ⚠️  חמל poll: getaddrinfo ENOTFOUND www.hamal.co.il
[18:31:53] Airspace: 7 ac | 1 drones | 2 mil
[18:32:23] ⚠️  חמל poll: getaddrinfo ENOTFOUND www.hamal.co.il
[18:32:23] Airspace: 7 ac | 1 drones | 1 mil
[18:32:53] ⚠️  חמל poll: getaddrinfo ENOTFOUND www.hamal.co.il
[18:32:53] Airspace: 7 ac | 1 drones | 1 mil
[18:33:22] ⚠️  AI: Unexpected end of JSON input
[18:33:23] ⚠️  חמל poll: getaddrinfo ENOTFOUND www.hamal.co.il
[18:33:23] Airspace: 7 ac | 1 drones | 1 mil
[18:33:53] ⚠️  חמל poll: getaddrinfo ENOTFOUND www.hamal.co.il
[18:33:53] DRONE: 4XHTG @99m 0kt [HIGH]
[18:33:53] Airspace: 7 ac | 1 drones | 1 mil
[18:34:23] ⚠️  חמל poll: getaddrinfo ENOTFOUND www.hamal.co.il
[18:34:23] Airspace: 7 ac | 1 drones | 1 mil
[18:34:52] ⚠️  AI: Unexpected end of JSON input
[18:34:53] ⚠️  חמל poll: getaddrinfo ENOTFOUND www.hamal.co.il
[18:34:53] Airspace: 7 ac | 1 drones | 1 mil
[18:35:23] ⚠️  חמל poll: getaddrinfo ENOTFOUND www.hamal.co.il
[18:35:23] Airspace: 7 ac | 1 drones | 1 mil
[18:35:53] ⚠️  חמל poll: getaddrinfo ENOTFOUND www.hamal.co.il
[18:35:53] Airspace: 7 ac | 0 drones | 1 mil
[18:36:22] ⚠️  AI: Unexpected end of JSON input
[18:36:24] ⚠️  חמל poll: getaddrinfo ENOTFOUND www.hamal.co.il
[18:36:24] Airspace: 7 ac | 0 drones | 1 mil
[18:36:53] ⚠️  חמל poll: getaddrinfo ENOTFOUND www.hamal.co.il
[18:36:53] Airspace: 7 ac | 0 drones | 1 mil
[18:37:23] ⚠️  חמל poll: getaddrinfo ENOTFOUND www.hamal.co.il
[18:37:23] Airspace: 5 ac | 0 drones | 1 mil
[18:37:53] ⚠️  AI: Unexpected end of JSON input
[18:37:53] ⚠️  חמל poll: getaddrinfo ENOTFOUND www.hamal.co.il
[18:37:53] DRONE: 4XHSF @152m 59kt [MEDIUM]
[18:37:53] Airspace: 6 ac | 1 drones | 1 mil
[18:38:23] ⚠️  חמל poll: getaddrinfo ENOTFOUND www.hamal.co.il
[18:38:24] Airspace: 5 ac | 1 drones | 1 mil
[18:38:53] ⚠️  חמל poll: getaddrinfo ENOTFOUND www.hamal.co.il
[18:39:23] ⚠️  AI: Unexpected end of JSON input
[18:39:23] ⚠️  חמל poll: getaddrinfo ENOTFOUND www.hamal.co.il
[18:39:23] Airspace: 7 ac | 1 drones | 1 mil
[18:39:53] ⚠️  חמל poll: getaddrinfo ENOTFOUND www.hamal.co.il
[18:39:53] Airspace: 7 ac | 1 drones | 1 mil
[18:39:53] RSS: +1 ידיעות
[18:40:23] ⚠️  חמל poll: getaddrinfo ENOTFOUND www.hamal.co.il
[18:40:24] Airspace: 7 ac | 1 drones | 1 mil
[18:40:53] ⚠️  AI: Unexpected end of JSON input
[18:40:53] ⚠️  חמל poll: getaddrinfo ENOTFOUND www.hamal.co.il
[18:40:54] Airspace: 7 ac | 1 drones | 1 mil
[18:41:23] ⚠️  חמל poll: getaddrinfo ENOTFOUND www.hamal.co.il
[18:41:23] Airspace: 7 ac | 1 drones | 1 mil
[18:41:54] ⚠️  חמל poll: getaddrinfo ENOTFOUND www.hamal.co.il
[18:41:55] Airspace: 8 ac | 1 drones | 1 mil
[18:42:23] ⚠️  AI: Unexpected end of JSON input
[18:42:25] ⚠️  חמל poll: getaddrinfo ENOTFOUND www.hamal.co.il
[18:42:25] Airspace: 8 ac | 1 drones | 1 mil
[18:42:54] ⚠️  חמל poll: getaddrinfo ENOTFOUND www.hamal.co.il
[18:42:55] DRONE: 4XHLE @137m 78kt [MEDIUM]
[18:42:55] DRONE: 4XHSF @183m 59kt [MEDIUM]
[18:42:55] Airspace: 8 ac | 2 drones | 1 mil
[18:43:24] ⚠️  חמל poll: getaddrinfo ENOTFOUND www.hamal.co.il
[18:43:25] Airspace: 8 ac | 2 drones | 1 mil
[18:43:54] ⚠️  AI: Unexpected end of JSON input
[18:43:54] ⚠️  חמל poll: getaddrinfo ENOTFOUND www.hamal.co.il
[18:43:55] Airspace: 8 ac | 2 drones | 1 mil
[18:44:25] ⚠️  חמל poll: getaddrinfo ENOTFOUND www.hamal.co.il
[18:44:25] Airspace: 8 ac | 2 drones | 1 mil
[18:44:54] ⚠️  חמל poll: getaddrinfo ENOTFOUND www.hamal.co.il
[18:44:55] Airspace: 9 ac | 2 drones | 1 mil
[18:45:26] ⚠️  חמל poll: getaddrinfo ENOTFOUND www.hamal.co.il
[18:45:26] Airspace: 9 ac | 2 drones | 1 mil
[18:45:26] ⚠️  AI: Unexpected end of JSON input
[18:45:56] Airspace: 9 ac | 2 drones | 1 mil
[18:45:56] ⚠️  חמל poll: getaddrinfo ENOTFOUND www.hamal.co.il
[18:46:26] ⚠️  חמל poll: getaddrinfo ENOTFOUND www.hamal.co.il
[18:46:26] Airspace: 9 ac | 2 drones | 1 mil
[18:46:54] ⚠️  AI: Unexpected end of JSON input
[18:46:56] ⚠️  חמל poll: getaddrinfo ENOTFOUND www.hamal.co.il
[18:46:56] Airspace: 8 ac | 2 drones | 1 mil
[18:47:26] ⚠️  חמל poll: getaddrinfo ENOTFOUND www.hamal.co.il
[18:47:26] Airspace: 8 ac | 2 drones | 1 mil
[18:47:56] ⚠️  חמל poll: getaddrinfo ENOTFOUND www.hamal.co.il
[18:47:56] DRONE: 4XHLE @91m 59kt [HIGH]
[18:47:56] DRONE: 4XHSF @168m 59kt [MEDIUM]
[18:47:56] Airspace: 8 ac | 2 drones | 1 mil
[18:48:24] ⚠️  AI: Unexpected end of JSON input
[18:48:26] ⚠️  חמל poll: getaddrinfo ENOTFOUND www.hamal.co.il
[18:48:26] Airspace: 7 ac | 2 drones | 1 mil
[18:48:56] ⚠️  חמל poll: getaddrinfo ENOTFOUND www.hamal.co.il
[18:48:56] Airspace: 7 ac | 2 drones | 1 mil
[18:49:26] ⚠️  חמל poll: getaddrinfo ENOTFOUND www.hamal.co.il
[18:49:26] Airspace: 7 ac | 1 drones | 1 mil
[18:49:54] ⚠️  AI: Unexpected end of JSON input
[18:49:56] ⚠️  חמל poll: getaddrinfo ENOTFOUND www.hamal.co.il
[18:49:56] Airspace: 7 ac | 1 drones | 1 mil
[18:50:26] ⚠️  חמל poll: getaddrinfo ENOTFOUND www.hamal.co.il
[18:50:26] Airspace: 7 ac | 1 drones | 1 mil
[18:50:57] Airspace: 8 ac | 1 drones | 1 mil
[18:50:58] ⚠️  חמל poll: getaddrinfo ENOTFOUND www.hamal.co.il
[18:51:00] ⚠️  OREF poll error: Unexpected token ' ', "     " is not valid JSON
[18:51:08] ⚠️  OREF poll error: Unexpected token ' ', "     " is not valid JSON
[18:51:17] ⚠️  OREF poll error: Unexpected token ' ', "     " is not valid JSON
[18:51:25] ⚠️  OREF poll error: Unexpected token ' ', "     " is not valid JSON
[18:51:26] ⚠️  AI: Unexpected end of JSON input
[18:51:26] ⚠️  חמל poll: getaddrinfo ENOTFOUND www.hamal.co.il
[18:51:26] Airspace: 6 ac | 1 drones | 0 mil
[18:51:32] ⚠️  OREF poll error: Unexpected token ' ', "     " is not valid JSON
[18:51:56] ⚠️  חמל poll: getaddrinfo ENOTFOUND www.hamal.co.il
[18:51:57] Airspace: 6 ac | 1 drones | 0 mil
[18:52:26] ⚠️  חמל poll: getaddrinfo ENOTFOUND www.hamal.co.il
[18:52:26] Airspace: 6 ac | 1 drones | 0 mil
[18:52:54] ⚠️  AI: Unexpected end of JSON input
[18:52:56] ⚠️  חמל poll: getaddrinfo ENOTFOUND www.hamal.co.il
[18:52:56] Airspace: 6 ac | 1 drones | 0 mil
[18:53:26] ⚠️  חמל poll: getaddrinfo ENOTFOUND www.hamal.co.il
[18:53:26] DRONE: 4XHSF @107m 59kt [MEDIUM]
[18:53:26] Airspace: 7 ac | 1 drones | 0 mil
[18:53:56] ⚠️  חמל poll: getaddrinfo ENOTFOUND www.hamal.co.il
[18:53:56] Airspace: 7 ac | 1 drones | 0 mil
[18:54:24] ⚠️  AI: Unexpected end of JSON input
[18:54:26] ⚠️  חמל poll: getaddrinfo ENOTFOUND www.hamal.co.il
[18:54:26] Airspace: 7 ac | 1 drones | 0 mil
[18:54:56] Airspace: 7 ac | 1 drones | 0 mil
[18:54:56] ⚠️  חמל poll: getaddrinfo ENOTFOUND www.hamal.co.il
[18:55:26] ⚠️  חמל poll: getaddrinfo ENOTFOUND www.hamal.co.il
[18:55:26] Airspace: 7 ac | 1 drones | 0 mil
[18:55:54] ⚠️  AI: Unexpected end of JSON input
[18:55:56] ⚠️  חמל poll: getaddrinfo ENOTFOUND www.hamal.co.il
[18:55:56] Airspace: 7 ac | 1 drones | 0 mil
[18:56:26] ⚠️  חמל poll: getaddrinfo ENOTFOUND www.hamal.co.il
[18:56:26] Airspace: 6 ac | 1 drones | 0 mil
[18:56:56] ⚠️  חמל poll: getaddrinfo ENOTFOUND www.hamal.co.il
[18:56:56] Airspace: 5 ac | 0 drones | 0 mil
[18:57:24] ⚠️  AI: Unexpected end of JSON input
[18:57:26] ⚠️  חמל poll: getaddrinfo ENOTFOUND www.hamal.co.il
[18:57:27] Airspace: 4 ac | 0 drones | 0 mil
[18:57:56] ⚠️  חמל poll: getaddrinfo ENOTFOUND www.hamal.co.il
[18:57:58] Airspace: 5 ac | 0 drones | 0 mil
[18:58:26] ⚠️  חמל poll: getaddrinfo ENOTFOUND www.hamal.co.il
[18:58:26] Airspace: 5 ac | 0 drones | 0 mil
[18:58:54] ⚠️  AI: Unexpected end of JSON input
[18:58:56] ⚠️  חמל poll: getaddrinfo ENOTFOUND www.hamal.co.il
[18:58:56] Airspace: 6 ac | 0 drones | 0 mil
[18:59:26] Airspace: 6 ac | 0 drones | 0 mil
[18:59:26] ⚠️  חמל poll: getaddrinfo ENOTFOUND www.hamal.co.il
[18:59:57] ⚠️  חמל poll: getaddrinfo ENOTFOUND www.hamal.co.il
[18:59:57] Airspace: 8 ac | 0 drones | 1 mil
[19:00:24] ⚠️  AI: Unexpected end of JSON input
[19:00:26] ⚠️  חמל poll: getaddrinfo ENOTFOUND www.hamal.co.il
[19:00:27] Airspace: 8 ac | 0 drones | 1 mil
[19:00:55] RSS: +1 ידיעות
[19:00:56] ⚠️  חמל poll: getaddrinfo ENOTFOUND www.hamal.co.il
[19:00:56] Airspace: 8 ac | 0 drones | 1 mil
[19:01:26] ⚠️  חמל poll: getaddrinfo ENOTFOUND www.hamal.co.il
[19:01:26] Airspace: 8 ac | 0 drones | 1 mil
[19:01:54] ⚠️  AI: Unexpected end of JSON input
[19:01:56] ⚠️  חמל poll: getaddrinfo ENOTFOUND www.hamal.co.il
[19:01:56] Airspace: 7 ac | 0 drones | 1 mil
[19:02:26] ⚠️  חמל poll: getaddrinfo ENOTFOUND www.hamal.co.il
[19:02:26] Airspace: 7 ac | 0 drones | 1 mil
[19:02:56] ⚠️  חמל poll: getaddrinfo ENOTFOUND www.hamal.co.il
[19:02:56] Airspace: 8 ac | 0 drones | 1 mil
[19:03:24] ⚠️  AI: Unexpected end of JSON input
[19:03:26] ⚠️  חמל poll: getaddrinfo ENOTFOUND www.hamal.co.il
[19:03:26] Airspace: 9 ac | 0 drones | 1 mil
[19:03:56] ⚠️  חמל poll: getaddrinfo ENOTFOUND www.hamal.co.il
[19:03:56] Airspace: 9 ac | 0 drones | 1 mil
[19:04:26] ⚠️  חמל poll: getaddrinfo ENOTFOUND www.hamal.co.il
[19:04:26] Airspace: 9 ac | 0 drones | 1 mil
[19:04:54] ⚠️  AI: Unexpected end of JSON input
[19:04:56] ⚠️  חמל poll: getaddrinfo ENOTFOUND www.hamal.co.il
[19:04:56] Airspace: 8 ac | 0 drones | 1 mil
[19:05:26] ⚠️  חמל poll: getaddrinfo ENOTFOUND www.hamal.co.il
[19:05:26] Airspace: 8 ac | 0 drones | 1 mil
[19:05:56] ⚠️  חמל poll: getaddrinfo ENOTFOUND www.hamal.co.il
[19:05:56] Airspace: 8 ac | 0 drones | 1 mil
[19:06:24] ⚠️  AI: Unexpected end of JSON input
[19:06:26] Airspace: 7 ac | 0 drones | 0 mil
[19:06:26] ⚠️  חמל poll: getaddrinfo ENOTFOUND www.hamal.co.il
[19:06:56] ⚠️  חמל poll: getaddrinfo ENOTFOUND www.hamal.co.il
[19:06:57] Airspace: 8 ac | 0 drones | 1 mil
[19:07:26] ⚠️  חמל poll: getaddrinfo ENOTFOUND www.hamal.co.il
[19:07:26] Airspace: 8 ac | 0 drones | 1 mil
[19:07:54] ⚠️  AI: Unexpected end of JSON input
[19:07:56] ⚠️  חמל poll: getaddrinfo ENOTFOUND www.hamal.co.il
[19:07:56] Airspace: 8 ac | 0 drones | 1 mil
[19:08:26] ⚠️  חמל poll: getaddrinfo ENOTFOUND www.hamal.co.il
[19:08:27] Airspace: 8 ac | 0 drones | 1 mil
[19:08:56] ⚠️  חמל poll: getaddrinfo ENOTFOUND www.hamal.co.il
[19:08:56] Airspace: 8 ac | 0 drones | 1 mil
[19:09:24] ⚠️  AI: Unexpected end of JSON input
[19:09:26] ⚠️  חמל poll: getaddrinfo ENOTFOUND www.hamal.co.il
[19:09:26] Airspace: 8 ac | 0 drones | 1 mil
[19:09:56] ⚠️  חמל poll: getaddrinfo ENOTFOUND www.hamal.co.il
[19:09:56] Airspace: 8 ac | 0 drones | 1 mil
[19:10:26] ⚠️  חמל poll: getaddrinfo ENOTFOUND www.hamal.co.il
[19:10:26] Airspace: 7 ac | 0 drones | 1 mil
[19:10:54] ⚠️  AI: Unexpected end of JSON input
[19:10:56] ⚠️  חמל poll: getaddrinfo ENOTFOUND www.hamal.co.il
[19:10:56] Airspace: 7 ac | 0 drones | 1 mil
[19:11:26] ⚠️  חמל poll: getaddrinfo ENOTFOUND www.hamal.co.il
[19:11:26] Airspace: 6 ac | 0 drones | 1 mil
[19:11:56] ⚠️  חמל poll: getaddrinfo ENOTFOUND www.hamal.co.il
[19:11:56] Airspace: 6 ac | 0 drones | 1 mil
[19:12:24] ⚠️  AI: Unexpected end of JSON input
[19:12:26] ⚠️  חמל poll: getaddrinfo ENOTFOUND www.hamal.co.il
[19:12:26] Airspace: 5 ac | 0 drones | 0 mil
[19:12:56] ⚠️  חמל poll: getaddrinfo ENOTFOUND www.hamal.co.il
[19:12:56] Airspace: 4 ac | 0 drones | 0 mil
[19:13:26] ⚠️  חמל poll: getaddrinfo ENOTFOUND www.hamal.co.il
[19:13:26] Airspace: 4 ac | 0 drones | 0 mil
[19:13:54] ⚠️  AI: Unexpected end of JSON input
[19:13:56] ⚠️  חמל poll: getaddrinfo ENOTFOUND www.hamal.co.il
[19:13:56] Airspace: 4 ac | 0 drones | 0 mil
[19:13:58] 📡 Channels: 0 resolved, 24 configured
[19:13:58] 📡 הבוט מקבל הודעות מכל קנאל שהוא חבר בו
[19:13:58] 📡 כדי לקבל הודעות: הוסף את הבוט כ-Admin בכל קנאל
[19:14:26] ⚠️  חמל poll: getaddrinfo ENOTFOUND www.hamal.co.il
[19:14:26] Airspace: 3 ac | 0 drones | 0 mil
[19:14:55] RSS: +1 ידיעות
[19:14:56] Airspace: 3 ac | 0 drones | 0 mil
[19:14:57] ⚠️  חמל poll: getaddrinfo ENOTFOUND www.hamal.co.il
[19:15:24] ⚠️  AI: Unexpected end of JSON input
[19:15:26] ⚠️  חמל poll: getaddrinfo ENOTFOUND www.hamal.co.il
[19:15:27] Airspace: 3 ac | 0 drones | 0 mil
[19:15:56] ⚠️  חמל poll: getaddrinfo ENOTFOUND www.hamal.co.il
[19:15:56] Airspace: 4 ac | 0 drones | 0 mil
[19:16:27] ⚠️  חמל poll: getaddrinfo ENOTFOUND www.hamal.co.il
[19:16:27] Airspace: 4 ac | 0 drones | 0 mil
[19:16:54] ⚠️  AI: Unexpected end of JSON input
[19:16:56] ⚠️  חמל poll: getaddrinfo ENOTFOUND www.hamal.co.il
[19:16:56] Airspace: 5 ac | 0 drones | 0 mil
[19:17:26] ⚠️  חמל poll: getaddrinfo ENOTFOUND www.hamal.co.il
[19:17:26] Airspace: 5 ac | 0 drones | 0 mil
[19:17:56] ⚠️  חמל poll: getaddrinfo ENOTFOUND www.hamal.co.il
[19:17:56] Airspace: 5 ac | 0 drones | 0 mil
[19:18:24] ⚠️  AI: Unexpected end of JSON input
[19:18:26] Airspace: 5 ac | 0 drones | 0 mil
[19:18:26] ⚠️  חמל poll: getaddrinfo ENOTFOUND www.hamal.co.il
[19:18:56] ⚠️  חמל poll: getaddrinfo ENOTFOUND www.hamal.co.il
[19:18:56] Airspace: 5 ac | 0 drones | 0 mil
[19:19:26] ⚠️  חמל poll: getaddrinfo ENOTFOUND www.hamal.co.il
[19:19:26] Airspace: 5 ac | 0 drones | 0 mil
[19:19:54] ⚠️  AI: Unexpected end of JSON input
[19:19:56] ⚠️  חמל poll: getaddrinfo ENOTFOUND www.hamal.co.il
[19:19:56] Airspace: 5 ac | 0 drones | 0 mil
[19:20:26] ⚠️  חמל poll: getaddrinfo ENOTFOUND www.hamal.co.il
[19:20:26] Airspace: 5 ac | 0 drones | 0 mil
[19:20:56] ⚠️  חמל poll: getaddrinfo ENOTFOUND www.hamal.co.il
[19:20:56] Airspace: 5 ac | 0 drones | 0 mil
[19:21:24] ⚠️  AI: Unexpected end of JSON input
[19:21:26] ⚠️  חמל poll: getaddrinfo ENOTFOUND www.hamal.co.il
[19:21:26] Airspace: 5 ac | 0 drones | 0 mil
[19:21:56] ⚠️  חמל poll: getaddrinfo ENOTFOUND www.hamal.co.il
[19:21:56] Airspace: 5 ac | 0 drones | 0 mil
[19:22:26] ⚠️  חמל poll: getaddrinfo ENOTFOUND www.hamal.co.il
[19:22:26] Airspace: 4 ac | 0 drones | 0 mil
[19:22:54] ⚠️  AI: Unexpected end of JSON input
[19:22:56] ⚠️  חמל poll: getaddrinfo ENOTFOUND www.hamal.co.il
[19:22:56] Airspace: 4 ac | 0 drones | 0 mil
[19:23:26] Airspace: 4 ac | 0 drones | 0 mil
[19:23:26] ⚠️  חמל poll: getaddrinfo ENOTFOUND www.hamal.co.il
[19:23:56] ⚠️  חמל poll: getaddrinfo ENOTFOUND www.hamal.co.il
[19:23:56] Airspace: 4 ac | 0 drones | 0 mil
[19:24:24] ⚠️  AI: Unexpected end of JSON input
[19:24:26] ⚠️  חמל poll: getaddrinfo ENOTFOUND www.hamal.co.il
[19:24:26] Airspace: 4 ac | 0 drones | 0 mil
[19:24:56] ⚠️  חמל poll: getaddrinfo ENOTFOUND www.hamal.co.il
[19:24:56] Airspace: 4 ac | 0 drones | 0 mil
[19:25:26] ⚠️  חמל poll: getaddrinfo ENOTFOUND www.hamal.co.il
[19:25:26] Airspace: 4 ac | 0 drones | 0 mil
[19:25:54] ⚠️  AI: Unexpected end of JSON input
[19:25:56] ⚠️  חמל poll: getaddrinfo ENOTFOUND www.hamal.co.il
[19:25:59] Airspace: 4 ac | 0 drones | 0 mil
[19:26:26] ⚠️  חמל poll: getaddrinfo ENOTFOUND www.hamal.co.il
[19:26:26] Airspace: 4 ac | 0 drones | 0 mil
[19:26:56] ⚠️  חמל poll: getaddrinfo ENOTFOUND www.hamal.co.il
[19:26:56] Airspace: 5 ac | 0 drones | 0 mil
[19:27:24] ⚠️  AI: Unexpected end of JSON input
[19:27:26] ⚠️  חמל poll: getaddrinfo ENOTFOUND www.hamal.co.il
[19:27:26] Airspace: 4 ac | 0 drones | 0 mil
[19:27:56] ⚠️  חמל poll: getaddrinfo ENOTFOUND www.hamal.co.il
[19:27:56] Airspace: 4 ac | 0 drones | 0 mil
[19:28:26] ⚠️  חמל poll: getaddrinfo ENOTFOUND www.hamal.co.il
[19:28:26] Airspace: 4 ac | 0 drones | 0 mil
[19:28:54] ⚠️  AI: Unexpected end of JSON input
[19:28:56] ⚠️  חמל poll: getaddrinfo ENOTFOUND www.hamal.co.il
[19:28:56] Airspace: 5 ac | 0 drones | 0 mil
[19:29:26] ⚠️  חמל poll: getaddrinfo ENOTFOUND www.hamal.co.il
[19:29:26] Airspace: 5 ac | 0 drones | 0 mil
[19:29:56] ⚠️  חמל poll: getaddrinfo ENOTFOUND www.hamal.co.il
[19:29:56] Airspace: 4 ac | 0 drones | 0 mil
[19:30:25] ⚠️  AI: Unexpected end of JSON input
[19:30:26] Airspace: 4 ac | 0 drones | 0 mil
[19:30:26] ⚠️  חמל poll: getaddrinfo ENOTFOUND www.hamal.co.il
[19:30:55] RSS: +1 ידיעות
[19:30:56] ⚠️  חמל poll: getaddrinfo ENOTFOUND www.hamal.co.il
[19:30:56] Airspace: 4 ac | 0 drones | 0 mil
[19:31:26] ⚠️  חמל poll: getaddrinfo ENOTFOUND www.hamal.co.il
[19:31:26] Airspace: 4 ac | 0 drones | 0 mil
[19:31:55] ⚠️  AI: Unexpected end of JSON input
[19:31:56] ⚠️  חמל poll: getaddrinfo ENOTFOUND www.hamal.co.il
[19:31:56] Airspace: 4 ac | 0 drones | 0 mil
[19:32:26] ⚠️  חמל poll: getaddrinfo ENOTFOUND www.hamal.co.il
[19:32:26] Airspace: 4 ac | 0 drones | 0 mil
[19:32:56] ⚠️  חמל poll: getaddrinfo ENOTFOUND www.hamal.co.il
[19:32:56] Airspace: 4 ac | 0 drones | 0 mil
[19:33:24] ⚠️  AI: Unexpected end of JSON input
[19:33:26] ⚠️  חמל poll: getaddrinfo ENOTFOUND www.hamal.co.il
[19:33:26] Airspace: 4 ac | 0 drones | 0 mil
[19:33:56] ⚠️  חמל poll: getaddrinfo ENOTFOUND www.hamal.co.il
[19:33:56] Airspace: 4 ac | 0 drones | 0 mil
[19:34:26] ⚠️  חמל poll: getaddrinfo ENOTFOUND www.hamal.co.il
[19:34:26] Airspace: 3 ac | 0 drones | 0 mil
[19:34:54] ⚠️  AI: Unexpected end of JSON input
[19:34:56] Airspace: 3 ac | 0 drones | 0 mil
[19:34:56] ⚠️  חמל poll: getaddrinfo ENOTFOUND www.hamal.co.il
[19:35:27] ⚠️  חמל poll: getaddrinfo ENOTFOUND www.hamal.co.il
[19:35:27] Airspace: 3 ac | 0 drones | 0 mil
[19:35:56] ⚠️  חמל poll: getaddrinfo ENOTFOUND www.hamal.co.il
[19:35:56] Airspace: 3 ac | 0 drones | 0 mil
[19:36:24] ⚠️  AI: Unexpected end of JSON input
[19:36:26] ⚠️  חמל poll: getaddrinfo ENOTFOUND www.hamal.co.il
[19:36:26] Airspace: 3 ac | 0 drones | 0 mil
[19:36:56] ⚠️  חמל poll: getaddrinfo ENOTFOUND www.hamal.co.il
[19:37:03] Airspace: 3 ac | 0 drones | 0 mil
[19:37:26] ⚠️  חמל poll: getaddrinfo ENOTFOUND www.hamal.co.il
[19:37:26] Airspace: 3 ac | 0 drones | 0 mil
[19:37:55] ⚠️  AI: Unexpected end of JSON input
[19:37:55] RSS: +1 ידיעות
[19:37:56] ⚠️  חמל poll: getaddrinfo ENOTFOUND www.hamal.co.il
[19:37:56] Airspace: 3 ac | 0 drones | 0 mil
[19:38:26] ⚠️  חמל poll: getaddrinfo ENOTFOUND www.hamal.co.il
[19:38:26] Airspace: 3 ac | 0 drones | 0 mil
[19:38:56] ⚠️  חמל poll: getaddrinfo ENOTFOUND www.hamal.co.il
[19:38:56] Airspace: 3 ac | 0 drones | 0 mil
